{"meta": {"format": 3, "version": "7.10.7", "timestamp": "2025-11-10T20:03:45.940827", "branch_coverage": false, "show_contexts": false}, "files": {"activities.py": {"executed_lines": [1, 14, 15, 16, 17, 18, 19, 23, 24, 25, 28, 29, 43, 45, 46, 50, 51, 53, 56, 58, 61, 62, 76, 78, 79, 83, 84, 86, 89, 91, 94, 95, 111, 113, 114, 118, 119, 121, 122, 124, 127, 128, 142, 143, 146, 147, 149, 152, 153, 167, 169, 170, 171, 181, 183, 184, 186, 187, 189, 192, 193, 206, 216, 217, 219, 222, 224, 232, 234, 237, 238, 257, 259, 262, 263, 264, 267, 268, 269, 270, 271, 273, 274, 275, 277, 279, 280, 282, 284], "summary": {"covered_lines": 88, "num_statements": 88, "percent_covered": 100.0, "percent_covered_display": "100", "missing_lines": 0, "excluded_lines": 0}, "missing_lines": [], "excluded_lines": [], "functions": {"invoke_overseer": {"executed_lines": [43, 45, 46, 50, 51, 53, 56, 58], "summary": {"covered_lines": 8, "num_statements": 8, "percent_covered": 100.0, "percent_covered_display": "100", "missing_lines": 0, "excluded_lines": 0}, "missing_lines": [], "excluded_lines": []}, "invoke_developer": {"executed_lines": [76, 78, 79, 83, 84, 86, 89, 91], "summary": {"covered_lines": 8, "num_statements": 8, "percent_covered": 100.0, "percent_covered_display": "100", "missing_lines": 0, "excluded_lines": 0}, "missing_lines": [], "excluded_lines": []}, "request_approval": {"executed_lines": [111, 113, 114, 118, 119, 121, 122, 124], "summary": {"covered_lines": 8, "num_statements": 8, "percent_covered": 100.0, "percent_covered_display": "100", "missing_lines": 0, "excluded_lines": 0}, "missing_lines": [], "excluded_lines": []}, "check_approval_status": {"executed_lines": [142, 143, 146, 147, 149], "summary": {"covered_lines": 5, "num_statements": 5, "percent_covered": 100.0, "percent_covered_display": "100", "missing_lines": 0, "excluded_lines": 0}, "missing_lines": [], "excluded_lines": []}, "send_telegram_notification": {"executed_lines": [167, 169, 170, 171, 181, 183, 184, 186, 187, 189], "summary": {"covered_lines": 10, "num_statements": 10, "percent_covered": 100.0, "percent_covered_display": "100", "missing_lines": 0, "excluded_lines": 0}, "missing_lines": [], "excluded_lines": []}, "execute_deployment": {"executed_lines": [206, 216, 217, 219, 222, 224, 232, 234], "summary": {"covered_lines": 8, "num_statements": 8, "percent_covered": 100.0, "percent_covered_display": "100", "missing_lines": 0, "excluded_lines": 0}, "missing_lines": [], "excluded_lines": []}, "validate_output": {"executed_lines": [257, 259, 262, 263, 264, 267, 268, 269, 270, 271, 273, 274, 275, 277, 279, 280, 282, 284], "summary": {"covered_lines": 18, "num_statements": 18, "percent_covered": 100.0, "percent_covered_display": "100", "missing_lines": 0, "excluded_lines": 0}, "missing_lines": [], "excluded_lines": []}, "": {"executed_lines": [1, 14, 15, 16, 17, 18, 19, 23, 24, 25, 28, 29, 61, 62, 94, 95, 127, 128, 152, 153, 192, 193, 237, 238], "summary": {"covered_lines": 23, "num_statements": 23, "percent_covered": 100.0, "percent_covered_display": "100", "missing_lines": 0, "excluded_lines": 0}, "missing_lines": [], "excluded_lines": []}}, "classes": {"": {"executed_lines": [1, 14, 15, 16, 17, 18, 19, 23, 24, 25, 28, 29, 43, 45, 46, 50, 51, 53, 56, 58, 61, 62, 76, 78, 79, 83, 84, 86, 89, 91, 94, 95, 111, 113, 114, 118, 119, 121, 122, 124, 127, 128, 142, 143, 146, 147, 149, 152, 153, 167, 169, 170, 171, 181, 183, 184, 186, 187, 189, 192, 193, 206, 216, 217, 219, 222, 224, 232, 234, 237, 238, 257, 259, 262, 263, 264, 267, 268, 269, 270, 271, 273, 274, 275, 277, 279, 280, 282, 284], "summary": {"covered_lines": 88, "num_statements": 88, "percent_covered": 100.0, "percent_covered_display": "100", "missing_lines": 0, "excluded_lines": 0}, "missing_lines": [], "excluded_lines": []}}}, "tests/conftest.py": {"executed_lines": [1, 5, 6, 7, 8, 9, 12, 13, 14, 15, 16, 19, 20, 22, 38, 39, 41, 58, 59, 61, 68, 69, 71, 72, 73, 74, 77, 78, 88, 89], "summary": {"covered_lines": 29, "num_statements": 31, "percent_covered": 93.54838709677419, "percent_covered_display": "94", "missing_lines": 2, "excluded_lines": 0}, "missing_lines": [80, 91], "excluded_lines": [], "functions": {"mock_overseer_response": {"executed_lines": [22], "summary": {"covered_lines": 1, "num_statements": 1, "percent_covered": 100.0, "percent_covered_display": "100", "missing_lines": 0, "excluded_lines": 0}, "missing_lines": [], "excluded_lines": []}, "mock_developer_response": {"executed_lines": [41], "summary": {"covered_lines": 1, "num_statements": 1, "percent_covered": 100.0, "percent_covered_display": "100", "missing_lines": 0, "excluded_lines": 0}, "missing_lines": [], "excluded_lines": []}, "mock_approval_response": {"executed_lines": [61], "summary": {"covered_lines": 1, "num_statements": 1, "percent_covered": 100.0, "percent_covered_display": "100", "missing_lines": 0, "excluded_lines": 0}, "missing_lines": [], "excluded_lines": []}, "mock_httpx_client": {"executed_lines": [71, 72, 73, 74], "summary": {"covered_lines": 4, "num_statements": 4, "percent_covered": 100.0, "percent_covered_display": "100", "missing_lines": 0, "excluded_lines": 0}, "missing_lines": [], "excluded_lines": []}, "project_request": {"executed_lines": [], "summary": {"covered_lines": 0, "num_statements": 1, "percent_covered": 0.0, "percent_covered_display": "0", "missing_lines": 1, "excluded_lines": 0}, "missing_lines": [80], "excluded_lines": []}, "approval_request": {"executed_lines": [], "summary": {"covered_lines": 0, "num_statements": 1, "percent_covered": 0.0, "percent_covered_display": "0", "missing_lines": 1, "excluded_lines": 0}, "missing_lines": [91], "excluded_lines": []}, "": {"executed_lines": [1, 5, 6, 7, 8, 9, 12, 13, 14, 15, 16, 19, 20, 38, 39, 58, 59, 68, 69, 77, 78, 88, 89], "summary": {"covered_lines": 22, "num_statements": 22, "percent_covered": 100.0, "percent_covered_display": "100", "missing_lines": 0, "excluded_lines": 0}, "missing_lines": [], "excluded_lines": []}}, "classes": {"": {"executed_lines": [1, 5, 6, 7, 8, 9, 12, 13, 14, 15, 16, 19, 20, 22, 38, 39, 41, 58, 59, 61, 68, 69, 71, 72, 73, 74, 77, 78, 88, 89], "summary": {"covered_lines": 29, "num_statements": 31, "percent_covered": 93.54838709677419, "percent_covered_display": "94", "missing_lines": 2, "excluded_lines": 0}, "missing_lines": [80, 91], "excluded_lines": []}}}, "tests/integration/test_worker.py": {"executed_lines": [1, 6, 7, 8, 11, 12, 14, 16, 17, 19, 21, 22, 24, 26, 27, 30, 31, 33, 35, 36, 37, 39, 41, 51, 52, 53, 54, 55, 56, 57, 60, 61, 62, 64, 65, 66, 68, 71, 72, 75, 76, 77, 80, 81, 82, 83, 86, 88, 89, 90, 92, 95, 96, 99, 100, 101, 104, 105, 106, 107, 110, 111, 114, 117, 118, 121, 122, 124, 125, 126, 128, 131, 132, 135, 136, 137, 140, 141, 142, 143, 146], "summary": {"covered_lines": 77, "num_statements": 77, "percent_covered": 100.0, "percent_covered_display": "100", "missing_lines": 0, "excluded_lines": 0}, "missing_lines": [], "excluded_lines": [], "functions": {"TestWorkerConfiguration.test_temporal_host_env_variable": {"executed_lines": [16, 17], "summary": {"covered_lines": 2, "num_statements": 2, "percent_covered": 100.0, "percent_covered_display": "100", "missing_lines": 0, "excluded_lines": 0}, "missing_lines": [], "excluded_lines": []}, "TestWorkerConfiguration.test_temporal_namespace_env_variable": {"executed_lines": [21, 22], "summary": {"covered_lines": 2, "num_statements": 2, "percent_covered": 100.0, "percent_covered_display": "100", "missing_lines": 0, "excluded_lines": 0}, "missing_lines": [], "excluded_lines": []}, "TestWorkerConfiguration.test_task_queue_configured": {"executed_lines": [26, 27], "summary": {"covered_lines": 2, "num_statements": 2, "percent_covered": 100.0, "percent_covered_display": "100", "missing_lines": 0, "excluded_lines": 0}, "missing_lines": [], "excluded_lines": []}, "TestWorkerImports.test_workflow_imports": {"executed_lines": [35, 36, 37], "summary": {"covered_lines": 3, "num_statements": 3, "percent_covered": 100.0, "percent_covered_display": "100", "missing_lines": 0, "excluded_lines": 0}, "missing_lines": [], "excluded_lines": []}, "TestWorkerImports.test_activity_imports": {"executed_lines": [41, 51, 52, 53, 54, 55, 56, 57], "summary": {"covered_lines": 8, "num_statements": 8, "percent_covered": 100.0, "percent_covered_display": "100", "missing_lines": 0, "excluded_lines": 0}, "missing_lines": [], "excluded_lines": []}, "TestWorkerInitialization.test_worker_main_function_connects_to_temporal": {"executed_lines": [68, 71, 72, 75, 76, 77, 80, 81, 82, 83, 86], "summary": {"covered_lines": 11, "num_statements": 11, "percent_covered": 100.0, "percent_covered_display": "100", "missing_lines": 0, "excluded_lines": 0}, "missing_lines": [], "excluded_lines": []}, "TestWorkerInitialization.test_worker_main_function_creates_worker": {"executed_lines": [92, 95, 96, 99, 100, 101, 104, 105, 106, 107, 110, 111, 114, 117, 118, 121, 122], "summary": {"covered_lines": 17, "num_statements": 17, "percent_covered": 100.0, "percent_covered_display": "100", "missing_lines": 0, "excluded_lines": 0}, "missing_lines": [], "excluded_lines": []}, "TestWorkerInitialization.test_worker_main_function_starts_worker": {"executed_lines": [128, 131, 132, 135, 136, 137, 140, 141, 142, 143, 146], "summary": {"covered_lines": 11, "num_statements": 11, "percent_covered": 100.0, "percent_covered_display": "100", "missing_lines": 0, "excluded_lines": 0}, "missing_lines": [], "excluded_lines": []}, "": {"executed_lines": [1, 6, 7, 8, 11, 12, 14, 19, 24, 30, 31, 33, 39, 60, 61, 62, 64, 65, 66, 88, 89, 90, 124, 125, 126], "summary": {"covered_lines": 21, "num_statements": 21, "percent_covered": 100.0, "percent_covered_display": "100", "missing_lines": 0, "excluded_lines": 0}, "missing_lines": [], "excluded_lines": []}}, "classes": {"TestWorkerConfiguration": {"executed_lines": [16, 17, 21, 22, 26, 27], "summary": {"covered_lines": 6, "num_statements": 6, "percent_covered": 100.0, "percent_covered_display": "100", "missing_lines": 0, "excluded_lines": 0}, "missing_lines": [], "excluded_lines": []}, "TestWorkerImports": {"executed_lines": [35, 36, 37, 41, 51, 52, 53, 54, 55, 56, 57], "summary": {"covered_lines": 11, "num_statements": 11, "percent_covered": 100.0, "percent_covered_display": "100", "missing_lines": 0, "excluded_lines": 0}, "missing_lines": [], "excluded_lines": []}, "TestWorkerInitialization": {"executed_lines": [68, 71, 72, 75, 76, 77, 80, 81, 82, 83, 86, 92, 95, 96, 99, 100, 101, 104, 105, 106, 107, 110, 111, 114, 117, 118, 121, 122, 128, 131, 132, 135, 136, 137, 140, 141, 142, 143, 146], "summary": {"covered_lines": 39, "num_statements": 39, "percent_covered": 100.0, "percent_covered_display": "100", "missing_lines": 0, "excluded_lines": 0}, "missing_lines": [], "excluded_lines": []}, "": {"executed_lines": [1, 6, 7, 8, 11, 12, 14, 19, 24, 30, 31, 33, 39, 60, 61, 62, 64, 65, 66, 88, 89, 90, 124, 125, 126], "summary": {"covered_lines": 21, "num_statements": 21, "percent_covered": 100.0, "percent_covered_display": "100", "missing_lines": 0, "excluded_lines": 0}, "missing_lines": [], "excluded_lines": []}}}, "tests/unit/test_activities.py": {"executed_lines": [1, 6, 7, 8, 9, 11, 22, 23, 25, 26, 27, 28, 30, 31, 32, 33, 34, 36, 42, 44, 45, 46, 47, 48, 50, 51, 52, 54, 55, 56, 57, 59, 61, 62, 64, 65, 66, 67, 69, 70, 71, 72, 73, 75, 76, 78, 79, 80, 83, 84, 86, 87, 88, 89, 91, 92, 93, 94, 95, 97, 103, 105, 106, 107, 108, 109, 111, 112, 113, 115, 116, 117, 118, 120, 122, 123, 125, 126, 127, 128, 130, 131, 132, 133, 134, 136, 137, 139, 140, 143, 144, 146, 147, 148, 150, 151, 152, 153, 154, 156, 164, 166, 167, 169, 170, 171, 173, 174, 175, 176, 178, 186, 187, 189, 190, 191, 193, 194, 195, 196, 197, 199, 207, 209, 210, 211, 214, 215, 217, 218, 219, 221, 222, 227, 228, 229, 231, 233, 234, 235, 237, 238, 239, 241, 242, 243, 244, 245, 247, 249, 251, 252, 253, 255, 256, 257, 258, 260, 261, 264, 265, 267, 268, 269, 271, 272, 273, 274, 276, 282, 284, 285, 287, 288, 289, 291, 292, 293, 294, 296, 302, 305, 307, 308, 309, 311, 312, 313, 314, 316, 322, 324, 325, 326, 327, 328, 329, 330, 333, 334, 336, 337, 339, 347, 349, 350, 351, 352, 353, 355, 356, 358, 363, 365, 366, 368, 369, 371, 376, 378, 381, 382, 384, 385, 387, 399, 401, 402, 404, 405, 407, 415, 417, 418, 420, 421, 423, 431, 433, 434, 436, 437, 439, 447, 449, 450, 452, 453, 455, 463, 465, 466, 468, 469, 471, 479, 481, 482], "summary": {"covered_lines": 250, "num_statements": 250, "percent_covered": 100.0, "percent_covered_display": "100", "missing_lines": 0, "excluded_lines": 0}, "missing_lines": [], "excluded_lines": [], "functions": {"TestInvokeOverseer.test_invoke_overseer_success": {"executed_lines": [30, 31, 32, 33, 34, 36, 42, 44, 45, 46, 47, 48], "summary": {"covered_lines": 12, "num_statements": 12, "percent_covered": 100.0, "percent_covered_display": "100", "missing_lines": 0, "excluded_lines": 0}, "missing_lines": [], "excluded_lines": []}, "TestInvokeOverseer.test_invoke_overseer_http_error": {"executed_lines": [54, 55, 56, 57, 59, 61, 62], "summary": {"covered_lines": 7, "num_statements": 7, "percent_covered": 100.0, "percent_covered_display": "100", "missing_lines": 0, "excluded_lines": 0}, "missing_lines": [], "excluded_lines": []}, "TestInvokeOverseer.test_invoke_overseer_correct_url": {"executed_lines": [69, 70, 71, 72, 73, 75, 76, 78, 79, 80], "summary": {"covered_lines": 10, "num_statements": 10, "percent_covered": 100.0, "percent_covered_display": "100", "missing_lines": 0, "excluded_lines": 0}, "missing_lines": [], "excluded_lines": []}, "TestInvokeDeveloper.test_invoke_developer_success": {"executed_lines": [91, 92, 93, 94, 95, 97, 103, 105, 106, 107, 108, 109], "summary": {"covered_lines": 12, "num_statements": 12, "percent_covered": 100.0, "percent_covered_display": "100", "missing_lines": 0, "excluded_lines": 0}, "missing_lines": [], "excluded_lines": []}, "TestInvokeDeveloper.test_invoke_developer_http_error": {"executed_lines": [115, 116, 117, 118, 120, 122, 123], "summary": {"covered_lines": 7, "num_statements": 7, "percent_covered": 100.0, "percent_covered_display": "100", "missing_lines": 0, "excluded_lines": 0}, "missing_lines": [], "excluded_lines": []}, "TestInvokeDeveloper.test_invoke_developer_correct_url": {"executed_lines": [130, 131, 132, 133, 134, 136, 137, 139, 140], "summary": {"covered_lines": 9, "num_statements": 9, "percent_covered": 100.0, "percent_covered_display": "100", "missing_lines": 0, "excluded_lines": 0}, "missing_lines": [], "excluded_lines": []}, "TestRequestApproval.test_request_approval_success": {"executed_lines": [150, 151, 152, 153, 154, 156, 164, 166, 167], "summary": {"covered_lines": 9, "num_statements": 9, "percent_covered": 100.0, "percent_covered_display": "100", "missing_lines": 0, "excluded_lines": 0}, "missing_lines": [], "excluded_lines": []}, "TestRequestApproval.test_request_approval_http_error": {"executed_lines": [173, 174, 175, 176, 178, 186, 187], "summary": {"covered_lines": 7, "num_statements": 7, "percent_covered": 100.0, "percent_covered_display": "100", "missing_lines": 0, "excluded_lines": 0}, "missing_lines": [], "excluded_lines": []}, "TestRequestApproval.test_request_approval_correct_payload": {"executed_lines": [193, 194, 195, 196, 197, 199, 207, 209, 210, 211], "summary": {"covered_lines": 10, "num_statements": 10, "percent_covered": 100.0, "percent_covered_display": "100", "missing_lines": 0, "excluded_lines": 0}, "missing_lines": [], "excluded_lines": []}, "TestCheckApprovalStatus.test_check_approval_status_success": {"executed_lines": [221, 222, 227, 228, 229, 231, 233, 234, 235], "summary": {"covered_lines": 9, "num_statements": 9, "percent_covered": 100.0, "percent_covered_display": "100", "missing_lines": 0, "excluded_lines": 0}, "missing_lines": [], "excluded_lines": []}, "TestCheckApprovalStatus.test_check_approval_status_pending": {"executed_lines": [241, 242, 243, 244, 245, 247, 249], "summary": {"covered_lines": 7, "num_statements": 7, "percent_covered": 100.0, "percent_covered_display": "100", "missing_lines": 0, "excluded_lines": 0}, "missing_lines": [], "excluded_lines": []}, "TestCheckApprovalStatus.test_check_approval_status_http_error": {"executed_lines": [255, 256, 257, 258, 260, 261], "summary": {"covered_lines": 6, "num_statements": 6, "percent_covered": 100.0, "percent_covered_display": "100", "missing_lines": 0, "excluded_lines": 0}, "missing_lines": [], "excluded_lines": []}, "TestSendTelegramNotification.test_send_telegram_notification_success": {"executed_lines": [271, 272, 273, 274, 276, 282, 284, 285], "summary": {"covered_lines": 8, "num_statements": 8, "percent_covered": 100.0, "percent_covered_display": "100", "missing_lines": 0, "excluded_lines": 0}, "missing_lines": [], "excluded_lines": []}, "TestSendTelegramNotification.test_send_telegram_notification_failure": {"executed_lines": [291, 292, 293, 294, 296, 302, 305], "summary": {"covered_lines": 7, "num_statements": 7, "percent_covered": 100.0, "percent_covered_display": "100", "missing_lines": 0, "excluded_lines": 0}, "missing_lines": [], "excluded_lines": []}, "TestSendTelegramNotification.test_send_telegram_notification_correct_payload": {"executed_lines": [311, 312, 313, 314, 316, 322, 324, 325, 326, 327, 328, 329, 330], "summary": {"covered_lines": 13, "num_statements": 13, "percent_covered": 100.0, "percent_covered_display": "100", "missing_lines": 0, "excluded_lines": 0}, "missing_lines": [], "excluded_lines": []}, "TestExecuteDeployment.test_execute_deployment_success": {"executed_lines": [339, 347, 349, 350, 351, 352, 353], "summary": {"covered_lines": 7, "num_statements": 7, "percent_covered": 100.0, "percent_covered_display": "100", "missing_lines": 0, "excluded_lines": 0}, "missing_lines": [], "excluded_lines": []}, "TestExecuteDeployment.test_execute_deployment_empty_tasks": {"executed_lines": [358, 363, 365, 366], "summary": {"covered_lines": 4, "num_statements": 4, "percent_covered": 100.0, "percent_covered_display": "100", "missing_lines": 0, "excluded_lines": 0}, "missing_lines": [], "excluded_lines": []}, "TestExecuteDeployment.test_execute_deployment_idempotency": {"executed_lines": [371, 376, 378], "summary": {"covered_lines": 3, "num_statements": 3, "percent_covered": 100.0, "percent_covered_display": "100", "missing_lines": 0, "excluded_lines": 0}, "missing_lines": [], "excluded_lines": []}, "TestValidateOutput.test_validate_output_success": {"executed_lines": [387, 399, 401, 402], "summary": {"covered_lines": 4, "num_statements": 4, "percent_covered": 100.0, "percent_covered_display": "100", "missing_lines": 0, "excluded_lines": 0}, "missing_lines": [], "excluded_lines": []}, "TestValidateOutput.test_validate_output_insufficient_citations": {"executed_lines": [407, 415, 417, 418], "summary": {"covered_lines": 4, "num_statements": 4, "percent_covered": 100.0, "percent_covered_display": "100", "missing_lines": 0, "excluded_lines": 0}, "missing_lines": [], "excluded_lines": []}, "TestValidateOutput.test_validate_output_missing_implementation": {"executed_lines": [423, 431, 433, 434], "summary": {"covered_lines": 4, "num_statements": 4, "percent_covered": 100.0, "percent_covered_display": "100", "missing_lines": 0, "excluded_lines": 0}, "missing_lines": [], "excluded_lines": []}, "TestValidateOutput.test_validate_output_missing_tests": {"executed_lines": [439, 447, 449, 450], "summary": {"covered_lines": 4, "num_statements": 4, "percent_covered": 100.0, "percent_covered_display": "100", "missing_lines": 0, "excluded_lines": 0}, "missing_lines": [], "excluded_lines": []}, "TestValidateOutput.test_validate_output_short_implementation": {"executed_lines": [455, 463, 465, 466], "summary": {"covered_lines": 4, "num_statements": 4, "percent_covered": 100.0, "percent_covered_display": "100", "missing_lines": 0, "excluded_lines": 0}, "missing_lines": [], "excluded_lines": []}, "TestValidateOutput.test_validate_output_multiple_errors": {"executed_lines": [471, 479, 481, 482], "summary": {"covered_lines": 4, "num_statements": 4, "percent_covered": 100.0, "percent_covered_display": "100", "missing_lines": 0, "excluded_lines": 0}, "missing_lines": [], "excluded_lines": []}, "": {"executed_lines": [1, 6, 7, 8, 9, 11, 22, 23, 25, 26, 27, 28, 50, 51, 52, 64, 65, 66, 67, 83, 84, 86, 87, 88, 89, 111, 112, 113, 125, 126, 127, 128, 143, 144, 146, 147, 148, 169, 170, 171, 189, 190, 191, 214, 215, 217, 218, 219, 237, 238, 239, 251, 252, 253, 264, 265, 267, 268, 269, 287, 288, 289, 307, 308, 309, 333, 334, 336, 337, 355, 356, 368, 369, 381, 382, 384, 385, 404, 405, 420, 421, 436, 437, 452, 453, 468, 469], "summary": {"covered_lines": 79, "num_statements": 79, "percent_covered": 100.0, "percent_covered_display": "100", "missing_lines": 0, "excluded_lines": 0}, "missing_lines": [], "excluded_lines": []}}, "classes": {"TestInvokeOverseer": {"executed_lines": [30, 31, 32, 33, 34, 36, 42, 44, 45, 46, 47, 48, 54, 55, 56, 57, 59, 61, 62, 69, 70, 71, 72, 73, 75, 76, 78, 79, 80], "summary": {"covered_lines": 29, "num_statements": 29, "percent_covered": 100.0, "percent_covered_display": "100", "missing_lines": 0, "excluded_lines": 0}, "missing_lines": [], "excluded_lines": []}, "TestInvokeDeveloper": {"executed_lines": [91, 92, 93, 94, 95, 97, 103, 105, 106, 107, 108, 109, 115, 116, 117, 118, 120, 122, 123, 130, 131, 132, 133, 134, 136, 137, 139, 140], "summary": {"covered_lines": 28, "num_statements": 28, "percent_covered": 100.0, "percent_covered_display": "100", "missing_lines": 0, "excluded_lines": 0}, "missing_lines": [], "excluded_lines": []}, "TestRequestApproval": {"executed_lines": [150, 151, 152, 153, 154, 156, 164, 166, 167, 173, 174, 175, 176, 178, 186, 187, 193, 194, 195, 196, 197, 199, 207, 209, 210, 211], "summary": {"covered_lines": 26, "num_statements": 26, "percent_covered": 100.0, "percent_covered_display": "100", "missing_lines": 0, "excluded_lines": 0}, "missing_lines": [], "excluded_lines": []}, "TestCheckApprovalStatus": {"executed_lines": [221, 222, 227, 228, 229, 231, 233, 234, 235, 241, 242, 243, 244, 245, 247, 249, 255, 256, 257, 258, 260, 261], "summary": {"covered_lines": 22, "num_statements": 22, "percent_covered": 100.0, "percent_covered_display": "100", "missing_lines": 0, "excluded_lines": 0}, "missing_lines": [], "excluded_lines": []}, "TestSendTelegramNotification": {"executed_lines": [271, 272, 273, 274, 276, 282, 284, 285, 291, 292, 293, 294, 296, 302, 305, 311, 312, 313, 314, 316, 322, 324, 325, 326, 327, 328, 329, 330], "summary": {"covered_lines": 28, "num_statements": 28, "percent_covered": 100.0, "percent_covered_display": "100", "missing_lines": 0, "excluded_lines": 0}, "missing_lines": [], "excluded_lines": []}, "TestExecuteDeployment": {"executed_lines": [339, 347, 349, 350, 351, 352, 353, 358, 363, 365, 366, 371, 376, 378], "summary": {"covered_lines": 14, "num_statements": 14, "percent_covered": 100.0, "percent_covered_display": "100", "missing_lines": 0, "excluded_lines": 0}, "missing_lines": [], "excluded_lines": []}, "TestValidateOutput": {"executed_lines": [387, 399, 401, 402, 407, 415, 417, 418, 423, 431, 433, 434, 439, 447, 449, 450, 455, 463, 465, 466, 471, 479, 481, 482], "summary": {"covered_lines": 24, "num_statements": 24, "percent_covered": 100.0, "percent_covered_display": "100", "missing_lines": 0, "excluded_lines": 0}, "missing_lines": [], "excluded_lines": []}, "": {"executed_lines": [1, 6, 7, 8, 9, 11, 22, 23, 25, 26, 27, 28, 50, 51, 52, 64, 65, 66, 67, 83, 84, 86, 87, 88, 89, 111, 112, 113, 125, 126, 127, 128, 143, 144, 146, 147, 148, 169, 170, 171, 189, 190, 191, 214, 215, 217, 218, 219, 237, 238, 239, 251, 252, 253, 264, 265, 267, 268, 269, 287, 288, 289, 307, 308, 309, 333, 334, 336, 337, 355, 356, 368, 369, 381, 382, 384, 385, 404, 405, 420, 421, 436, 437, 452, 453, 468, 469], "summary": {"covered_lines": 79, "num_statements": 79, "percent_covered": 100.0, "percent_covered_display": "100", "missing_lines": 0, "excluded_lines": 0}, "missing_lines": [], "excluded_lines": []}}}, "tests/unit/test_workflows.py": {"executed_lines": [1, 6, 7, 8, 10, 19, 20, 22, 24, 31, 32, 33, 34, 37, 38, 40, 42, 49, 50, 51, 53, 55, 61, 64, 65, 67, 69, 75, 76, 77, 79, 81, 87, 88, 90, 92, 97, 100, 101, 103, 105, 107, 108, 109, 110, 112, 114, 116, 117, 118, 119, 121, 123, 125, 126, 127, 129, 131, 133, 134, 137, 138, 140, 142, 144, 146, 148, 150, 151, 154, 155, 157, 159, 161, 163, 164, 165, 171, 172, 174, 176, 178, 179, 180, 181, 183, 185, 187, 188, 189, 190], "summary": {"covered_lines": 83, "num_statements": 83, "percent_covered": 100.0, "percent_covered_display": "100", "missing_lines": 0, "excluded_lines": 0}, "missing_lines": [], "excluded_lines": [], "functions": {"TestProjectRequest.test_project_request_creation": {"executed_lines": [24, 31, 32, 33, 34], "summary": {"covered_lines": 5, "num_statements": 5, "percent_covered": 100.0, "percent_covered_display": "100", "missing_lines": 0, "excluded_lines": 0}, "missing_lines": [], "excluded_lines": []}, "TestApprovalRequest.test_approval_request_creation": {"executed_lines": [42, 49, 50, 51], "summary": {"covered_lines": 4, "num_statements": 4, "percent_covered": 100.0, "percent_covered_display": "100", "missing_lines": 0, "excluded_lines": 0}, "missing_lines": [], "excluded_lines": []}, "TestApprovalRequest.test_approval_request_default_approvers": {"executed_lines": [55, 61], "summary": {"covered_lines": 2, "num_statements": 2, "percent_covered": 100.0, "percent_covered_display": "100", "missing_lines": 0, "excluded_lines": 0}, "missing_lines": [], "excluded_lines": []}, "TestApprovalSignal.test_approval_signal_approved": {"executed_lines": [69, 75, 76, 77], "summary": {"covered_lines": 4, "num_statements": 4, "percent_covered": 100.0, "percent_covered_display": "100", "missing_lines": 0, "excluded_lines": 0}, "missing_lines": [], "excluded_lines": []}, "TestApprovalSignal.test_approval_signal_denied": {"executed_lines": [81, 87, 88], "summary": {"covered_lines": 3, "num_statements": 3, "percent_covered": 100.0, "percent_covered_display": "100", "missing_lines": 0, "excluded_lines": 0}, "missing_lines": [], "excluded_lines": []}, "TestApprovalSignal.test_approval_signal_no_reason": {"executed_lines": [92, 97], "summary": {"covered_lines": 2, "num_statements": 2, "percent_covered": 100.0, "percent_covered_display": "100", "missing_lines": 0, "excluded_lines": 0}, "missing_lines": [], "excluded_lines": []}, "TestProjectPipelineWorkflowRiskAssessment.test_assess_risk_high_production": {"executed_lines": [105, 107, 108, 109, 110], "summary": {"covered_lines": 5, "num_statements": 5, "percent_covered": 100.0, "percent_covered_display": "100", "missing_lines": 0, "excluded_lines": 0}, "missing_lines": [], "excluded_lines": []}, "TestProjectPipelineWorkflowRiskAssessment.test_assess_risk_low_documentation": {"executed_lines": [114, 116, 117, 118, 119], "summary": {"covered_lines": 5, "num_statements": 5, "percent_covered": 100.0, "percent_covered_display": "100", "missing_lines": 0, "excluded_lines": 0}, "missing_lines": [], "excluded_lines": []}, "TestProjectPipelineWorkflowRiskAssessment.test_assess_risk_medium_default": {"executed_lines": [123, 125, 126, 127], "summary": {"covered_lines": 4, "num_statements": 4, "percent_covered": 100.0, "percent_covered_display": "100", "missing_lines": 0, "excluded_lines": 0}, "missing_lines": [], "excluded_lines": []}, "TestProjectPipelineWorkflowRiskAssessment.test_assess_risk_case_insensitive": {"executed_lines": [131, 133, 134], "summary": {"covered_lines": 3, "num_statements": 3, "percent_covered": 100.0, "percent_covered_display": "100", "missing_lines": 0, "excluded_lines": 0}, "missing_lines": [], "excluded_lines": []}, "TestProjectPipelineWorkflowInitialization.test_workflow_initialization": {"executed_lines": [142, 144], "summary": {"covered_lines": 2, "num_statements": 2, "percent_covered": 100.0, "percent_covered_display": "100", "missing_lines": 0, "excluded_lines": 0}, "missing_lines": [], "excluded_lines": []}, "TestProjectPipelineWorkflowInitialization.test_approval_signal_method_exists": {"executed_lines": [148, 150, 151], "summary": {"covered_lines": 3, "num_statements": 3, "percent_covered": 100.0, "percent_covered_display": "100", "missing_lines": 0, "excluded_lines": 0}, "missing_lines": [], "excluded_lines": []}, "TestSimpleTaskWorkflow.test_simple_task_workflow_exists": {"executed_lines": [159], "summary": {"covered_lines": 1, "num_statements": 1, "percent_covered": 100.0, "percent_covered_display": "100", "missing_lines": 0, "excluded_lines": 0}, "missing_lines": [], "excluded_lines": []}, "TestSimpleTaskWorkflow.test_simple_task_workflow_has_run_method": {"executed_lines": [163, 164, 165], "summary": {"covered_lines": 3, "num_statements": 3, "percent_covered": 100.0, "percent_covered_display": "100", "missing_lines": 0, "excluded_lines": 0}, "missing_lines": [], "excluded_lines": []}, "TestWorkflowStructure.test_project_pipeline_workflow_has_required_methods": {"executed_lines": [176, 178, 179, 180, 181], "summary": {"covered_lines": 5, "num_statements": 5, "percent_covered": 100.0, "percent_covered_display": "100", "missing_lines": 0, "excluded_lines": 0}, "missing_lines": [], "excluded_lines": []}, "TestWorkflowStructure.test_project_pipeline_workflow_methods_callable": {"executed_lines": [185, 187, 188, 189, 190], "summary": {"covered_lines": 5, "num_statements": 5, "percent_covered": 100.0, "percent_covered_display": "100", "missing_lines": 0, "excluded_lines": 0}, "missing_lines": [], "excluded_lines": []}, "": {"executed_lines": [1, 6, 7, 8, 10, 19, 20, 22, 37, 38, 40, 53, 64, 65, 67, 79, 90, 100, 101, 103, 112, 121, 129, 137, 138, 140, 146, 154, 155, 157, 161, 171, 172, 174, 183], "summary": {"covered_lines": 27, "num_statements": 27, "percent_covered": 100.0, "percent_covered_display": "100", "missing_lines": 0, "excluded_lines": 0}, "missing_lines": [], "excluded_lines": []}}, "classes": {"TestProjectRequest": {"executed_lines": [24, 31, 32, 33, 34], "summary": {"covered_lines": 5, "num_statements": 5, "percent_covered": 100.0, "percent_covered_display": "100", "missing_lines": 0, "excluded_lines": 0}, "missing_lines": [], "excluded_lines": []}, "TestApprovalRequest": {"executed_lines": [42, 49, 50, 51, 55, 61], "summary": {"covered_lines": 6, "num_statements": 6, "percent_covered": 100.0, "percent_covered_display": "100", "missing_lines": 0, "excluded_lines": 0}, "missing_lines": [], "excluded_lines": []}, "TestApprovalSignal": {"executed_lines": [69, 75, 76, 77, 81, 87, 88, 92, 97], "summary": {"covered_lines": 9, "num_statements": 9, "percent_covered": 100.0, "percent_covered_display": "100", "missing_lines": 0, "excluded_lines": 0}, "missing_lines": [], "excluded_lines": []}, "TestProjectPipelineWorkflowRiskAssessment": {"executed_lines": [105, 107, 108, 109, 110, 114, 116, 117, 118, 119, 123, 125, 126, 127, 131, 133, 134], "summary": {"covered_lines": 17, "num_statements": 17, "percent_covered": 100.0, "percent_covered_display": "100", "missing_lines": 0, "excluded_lines": 0}, "missing_lines": [], "excluded_lines": []}, "TestProjectPipelineWorkflowInitialization": {"executed_lines": [142, 144, 148, 150, 151], "summary": {"covered_lines": 5, "num_statements": 5, "percent_covered": 100.0, "percent_covered_display": "100", "missing_lines": 0, "excluded_lines": 0}, "missing_lines": [], "excluded_lines": []}, "TestSimpleTaskWorkflow": {"executed_lines": [159, 163, 164, 165], "summary": {"covered_lines": 4, "num_statements": 4, "percent_covered": 100.0, "percent_covered_display": "100", "missing_lines": 0, "excluded_lines": 0}, "missing_lines": [], "excluded_lines": []}, "TestWorkflowStructure": {"executed_lines": [176, 178, 179, 180, 181, 185, 187, 188, 189, 190], "summary": {"covered_lines": 10, "num_statements": 10, "percent_covered": 100.0, "percent_covered_display": "100", "missing_lines": 0, "excluded_lines": 0}, "missing_lines": [], "excluded_lines": []}, "": {"executed_lines": [1, 6, 7, 8, 10, 19, 20, 22, 37, 38, 40, 53, 64, 65, 67, 79, 90, 100, 101, 103, 112, 121, 129, 137, 138, 140, 146, 154, 155, 157, 161, 171, 172, 174, 183], "summary": {"covered_lines": 27, "num_statements": 27, "percent_covered": 100.0, "percent_covered_display": "100", "missing_lines": 0, "excluded_lines": 0}, "missing_lines": [], "excluded_lines": []}}}, "worker.py": {"executed_lines": [1, 7, 8, 9, 10, 12, 13, 24, 25, 26, 29, 32, 35, 40, 43, 58, 61, 64], "summary": {"covered_lines": 17, "num_statements": 18, "percent_covered": 94.44444444444444, "percent_covered_display": "94", "missing_lines": 1, "excluded_lines": 0}, "missing_lines": [65], "excluded_lines": [], "functions": {"main": {"executed_lines": [32, 35, 40, 43, 58, 61], "summary": {"covered_lines": 6, "num_statements": 6, "percent_covered": 100.0, "percent_covered_display": "100", "missing_lines": 0, "excluded_lines": 0}, "missing_lines": [], "excluded_lines": []}, "": {"executed_lines": [1, 7, 8, 9, 10, 12, 13, 24, 25, 26, 29, 64], "summary": {"covered_lines": 11, "num_statements": 12, "percent_covered": 91.66666666666667, "percent_covered_display": "92", "missing_lines": 1, "excluded_lines": 0}, "missing_lines": [65], "excluded_lines": []}}, "classes": {"": {"executed_lines": [1, 7, 8, 9, 10, 12, 13, 24, 25, 26, 29, 32, 35, 40, 43, 58, 61, 64], "summary": {"covered_lines": 17, "num_statements": 18, "percent_covered": 94.44444444444444, "percent_covered_display": "94", "missing_lines": 1, "excluded_lines": 0}, "missing_lines": [65], "excluded_lines": []}}}, "workflows.py": {"executed_lines": [1, 9, 10, 11, 13, 14, 17, 18, 29, 30, 31, 32, 33, 34, 35, 38, 39, 40, 41, 42, 43, 44, 47, 48, 49, 50, 51, 52, 55, 56, 57, 66, 67, 69, 70, 206, 272, 273, 278, 287, 290, 294, 295, 298, 301, 302, 305, 308, 309, 310, 312, 313], "summary": {"covered_lines": 46, "num_statements": 97, "percent_covered": 47.422680412371136, "percent_covered_display": "47", "missing_lines": 51, "excluded_lines": 0}, "missing_lines": [73, 76, 78, 93, 94, 97, 99, 100, 101, 103, 106, 109, 110, 112, 121, 122, 123, 130, 131, 144, 147, 148, 154, 155, 156, 163, 170, 172, 181, 182, 189, 199, 215, 218, 231, 242, 243, 249, 253, 254, 259, 260, 265, 266, 267, 275, 276, 316, 317, 327, 337], "excluded_lines": [], "functions": {"ProjectPipelineWorkflow.__init__": {"executed_lines": [67], "summary": {"covered_lines": 1, "num_statements": 1, "percent_covered": 100.0, "percent_covered_display": "100", "missing_lines": 0, "excluded_lines": 0}, "missing_lines": [], "excluded_lines": []}, "ProjectPipelineWorkflow.run": {"executed_lines": [], "summary": {"covered_lines": 0, "num_statements": 32, "percent_covered": 0.0, "percent_covered_display": "0", "missing_lines": 32, "excluded_lines": 0}, "missing_lines": [73, 76, 78, 93, 94, 97, 99, 100, 101, 103, 106, 109, 110, 112, 121, 122, 123, 130, 131, 144, 147, 148, 154, 155, 156, 163, 170, 172, 181, 182, 189, 199], "excluded_lines": []}, "ProjectPipelineWorkflow._wait_for_approval": {"executed_lines": [], "summary": {"covered_lines": 0, "num_statements": 13, "percent_covered": 0.0, "percent_covered_display": "0", "missing_lines": 13, "excluded_lines": 0}, "missing_lines": [215, 218, 231, 242, 243, 249, 253, 254, 259, 260, 265, 266, 267], "excluded_lines": []}, "ProjectPipelineWorkflow.approval_signal": {"executed_lines": [], "summary": {"covered_lines": 0, "num_statements": 2, "percent_covered": 0.0, "percent_covered_display": "0", "missing_lines": 2, "excluded_lines": 0}, "missing_lines": [275, 276], "excluded_lines": []}, "ProjectPipelineWorkflow._assess_risk": {"executed_lines": [287, 290, 294, 295, 298, 301, 302, 305], "summary": {"covered_lines": 8, "num_statements": 8, "percent_covered": 100.0, "percent_covered_display": "100", "missing_lines": 0, "excluded_lines": 0}, "missing_lines": [], "excluded_lines": []}, "SimpleTaskWorkflow.run": {"executed_lines": [], "summary": {"covered_lines": 0, "num_statements": 4, "percent_covered": 0.0, "percent_covered_display": "0", "missing_lines": 4, "excluded_lines": 0}, "missing_lines": [316, 317, 327, 337], "excluded_lines": []}, "": {"executed_lines": [1, 9, 10, 11, 13, 14, 17, 18, 29, 30, 31, 32, 33, 34, 35, 38, 39, 40, 41, 42, 43, 44, 47, 48, 49, 50, 51, 52, 55, 56, 57, 66, 69, 70, 206, 272, 273, 278, 308, 309, 310, 312, 313], "summary": {"covered_lines": 37, "num_statements": 37, "percent_covered": 100.0, "percent_covered_display": "100", "missing_lines": 0, "excluded_lines": 0}, "missing_lines": [], "excluded_lines": []}}, "classes": {"ProjectRequest": {"executed_lines": [], "summary": {"covered_lines": 0, "num_statements": 0, "percent_covered": 100.0, "percent_covered_display": "100", "missing_lines": 0, "excluded_lines": 0}, "missing_lines": [], "excluded_lines": []}, "ApprovalRequest": {"executed_lines": [], "summary": {"covered_lines": 0, "num_statements": 0, "percent_covered": 100.0, "percent_covered_display": "100", "missing_lines": 0, "excluded_lines": 0}, "missing_lines": [], "excluded_lines": []}, "ApprovalSignal": {"executed_lines": [], "summary": {"covered_lines": 0, "num_statements": 0, "percent_covered": 100.0, "percent_covered_display": "100", "missing_lines": 0, "excluded_lines": 0}, "missing_lines": [], "excluded_lines": []}, "ProjectPipelineWorkflow": {"executed_lines": [67, 287, 290, 294, 295, 298, 301, 302, 305], "summary": {"covered_lines": 9, "num_statements": 56, "percent_covered": 16.071428571428573, "percent_covered_display": "16", "missing_lines": 47, "excluded_lines": 0}, "missing_lines": [73, 76, 78, 93, 94, 97, 99, 100, 101, 103, 106, 109, 110, 112, 121, 122, 123, 130, 131, 144, 147, 148, 154, 155, 156, 163, 170, 172, 181, 182, 189, 199, 215, 218, 231, 242, 243, 249, 253, 254, 259, 260, 265, 266, 267, 275, 276], "excluded_lines": []}, "SimpleTaskWorkflow": {"executed_lines": [], "summary": {"covered_lines": 0, "num_statements": 4, "percent_covered": 0.0, "percent_covered_display": "0", "missing_lines": 4, "excluded_lines": 0}, "missing_lines": [316, 317, 327, 337], "excluded_lines": []}, "": {"executed_lines": [1, 9, 10, 11, 13, 14, 17, 18, 29, 30, 31, 32, 33, 34, 35, 38, 39, 40, 41, 42, 43, 44, 47, 48, 49, 50, 51, 52, 55, 56, 57, 66, 69, 70, 206, 272, 273, 278, 308, 309, 310, 312, 313], "summary": {"covered_lines": 37, "num_statements": 37, "percent_covered": 100.0, "percent_covered_display": "100", "missing_lines": 0, "excluded_lines": 0}, "missing_lines": [], "excluded_lines": []}}}}, "totals": {"covered_lines": 590, "num_statements": 644, "percent_covered": 91.61490683229813, "percent_covered_display": "92", "missing_lines": 54, "excluded_lines": 0}}