{"meta": {"format": 3, "version": "7.10.7", "timestamp": "2025-11-11T09:52:55.608516", "branch_coverage": false, "show_contexts": false}, "files": {"temponest_sdk/__init__.py": {"executed_lines": [1, 24, 25, 37, 38, 55, 56], "summary": {"covered_lines": 6, "num_statements": 6, "percent_covered": 100.0, "percent_covered_display": "100", "missing_lines": 0, "excluded_lines": 0}, "missing_lines": [], "excluded_lines": [], "functions": {"": {"executed_lines": [1, 24, 25, 37, 38, 55, 56], "summary": {"covered_lines": 6, "num_statements": 6, "percent_covered": 100.0, "percent_covered_display": "100", "missing_lines": 0, "excluded_lines": 0}, "missing_lines": [], "excluded_lines": []}}, "classes": {"": {"executed_lines": [1, 24, 25, 37, 38, 55, 56], "summary": {"covered_lines": 6, "num_statements": 6, "percent_covered": 100.0, "percent_covered_display": "100", "missing_lines": 0, "excluded_lines": 0}, "missing_lines": [], "excluded_lines": []}}}, "temponest_sdk/agents.py": {"executed_lines": [1, 4, 5, 6, 12, 15, 16, 18, 19, 21, 55, 68, 69, 71, 84, 85, 86, 87, 88, 89, 92, 109, 110, 111, 113, 114, 116, 148, 149, 150, 151, 152, 153, 155, 157, 159, 161, 162, 163, 166, 167, 168, 169, 170, 171, 174, 184, 185, 186, 187, 188, 191, 213, 219, 220, 224, 225, 226, 227, 230, 256, 262, 263, 264, 266, 267, 269, 276, 277, 279, 280, 281, 282, 283, 284, 285, 286, 287, 291, 292, 293, 296, 306, 307, 309, 328, 329, 330, 331, 332, 334, 335, 338, 339, 341, 342, 344, 358, 371, 372, 374, 376, 377, 378, 384, 391, 392, 395, 396, 398, 404, 406, 407, 408, 414, 416, 417, 423, 431, 437, 438, 442, 448, 514, 516, 517, 519, 527, 528, 530, 533, 534], "summary": {"covered_lines": 129, "num_statements": 185, "percent_covered": 69.72972972972973, "percent_covered_display": "70", "missing_lines": 56, "excluded_lines": 0}, "missing_lines": [90, 154, 156, 158, 160, 164, 172, 189, 228, 288, 289, 294, 379, 380, 381, 382, 393, 409, 410, 411, 412, 418, 419, 420, 421, 443, 444, 445, 446, 474, 480, 481, 482, 483, 485, 486, 488, 489, 495, 496, 498, 499, 500, 501, 502, 503, 504, 505, 506, 507, 509, 510, 511, 512, 529, 531], "excluded_lines": [], "functions": {"AgentsClient.__init__": {"executed_lines": [19], "summary": {"covered_lines": 1, "num_statements": 1, "percent_covered": 100.0, "percent_covered_display": "100", "missing_lines": 0, "excluded_lines": 0}, "missing_lines": [], "excluded_lines": []}, "AgentsClient.create": {"executed_lines": [55, 68, 69], "summary": {"covered_lines": 3, "num_statements": 3, "percent_covered": 100.0, "percent_covered_display": "100", "missing_lines": 0, "excluded_lines": 0}, "missing_lines": [], "excluded_lines": []}, "AgentsClient.get": {"executed_lines": [84, 85, 86, 87, 88, 89], "summary": {"covered_lines": 6, "num_statements": 7, "percent_covered": 85.71428571428571, "percent_covered_display": "86", "missing_lines": 1, "excluded_lines": 0}, "missing_lines": [90], "excluded_lines": []}, "AgentsClient.list": {"executed_lines": [109, 110, 111, 113, 114], "summary": {"covered_lines": 5, "num_statements": 5, "percent_covered": 100.0, "percent_covered_display": "100", "missing_lines": 0, "excluded_lines": 0}, "missing_lines": [], "excluded_lines": []}, "AgentsClient.update": {"executed_lines": [148, 149, 150, 151, 152, 153, 155, 157, 159, 161, 162, 163, 166, 167, 168, 169, 170, 171], "summary": {"covered_lines": 18, "num_statements": 24, "percent_covered": 75.0, "percent_covered_display": "75", "missing_lines": 6, "excluded_lines": 0}, "missing_lines": [154, 156, 158, 160, 164, 172], "excluded_lines": []}, "AgentsClient.delete": {"executed_lines": [184, 185, 186, 187, 188], "summary": {"covered_lines": 5, "num_statements": 6, "percent_covered": 83.33333333333333, "percent_covered_display": "83", "missing_lines": 1, "excluded_lines": 0}, "missing_lines": [189], "excluded_lines": []}, "AgentsClient.execute": {"executed_lines": [213, 219, 220, 224, 225, 226, 227], "summary": {"covered_lines": 7, "num_statements": 8, "percent_covered": 87.5, "percent_covered_display": "88", "missing_lines": 1, "excluded_lines": 0}, "missing_lines": [228], "excluded_lines": []}, "AgentsClient.execute_stream": {"executed_lines": [256, 262, 263, 264, 266, 267, 269, 276, 277, 279, 280, 281, 282, 283, 284, 285, 286, 287, 291, 292, 293], "summary": {"covered_lines": 21, "num_statements": 24, "percent_covered": 87.5, "percent_covered_display": "88", "missing_lines": 3, "excluded_lines": 0}, "missing_lines": [288, 289, 294], "excluded_lines": []}, "AgentsClient.get_execution": {"executed_lines": [306, 307], "summary": {"covered_lines": 2, "num_statements": 2, "percent_covered": 100.0, "percent_covered_display": "100", "missing_lines": 0, "excluded_lines": 0}, "missing_lines": [], "excluded_lines": []}, "AgentsClient.list_executions": {"executed_lines": [328, 329, 330, 331, 332, 334, 335], "summary": {"covered_lines": 7, "num_statements": 7, "percent_covered": 100.0, "percent_covered_display": "100", "missing_lines": 0, "excluded_lines": 0}, "missing_lines": [], "excluded_lines": []}, "AsyncAgentsClient.__init__": {"executed_lines": [342], "summary": {"covered_lines": 1, "num_statements": 1, "percent_covered": 100.0, "percent_covered_display": "100", "missing_lines": 0, "excluded_lines": 0}, "missing_lines": [], "excluded_lines": []}, "AsyncAgentsClient.create": {"executed_lines": [358, 371, 372], "summary": {"covered_lines": 3, "num_statements": 3, "percent_covered": 100.0, "percent_covered_display": "100", "missing_lines": 0, "excluded_lines": 0}, "missing_lines": [], "excluded_lines": []}, "AsyncAgentsClient.get": {"executed_lines": [376, 377, 378], "summary": {"covered_lines": 3, "num_statements": 7, "percent_covered": 42.857142857142854, "percent_covered_display": "43", "missing_lines": 4, "excluded_lines": 0}, "missing_lines": [379, 380, 381, 382], "excluded_lines": []}, "AsyncAgentsClient.list": {"executed_lines": [391, 392, 395, 396], "summary": {"covered_lines": 4, "num_statements": 5, "percent_covered": 80.0, "percent_covered_display": "80", "missing_lines": 1, "excluded_lines": 0}, "missing_lines": [393], "excluded_lines": []}, "AsyncAgentsClient.update": {"executed_lines": [404, 406, 407, 408], "summary": {"covered_lines": 4, "num_statements": 8, "percent_covered": 50.0, "percent_covered_display": "50", "missing_lines": 4, "excluded_lines": 0}, "missing_lines": [409, 410, 411, 412], "excluded_lines": []}, "AsyncAgentsClient.delete": {"executed_lines": [416, 417], "summary": {"covered_lines": 2, "num_statements": 6, "percent_covered": 33.333333333333336, "percent_covered_display": "33", "missing_lines": 4, "excluded_lines": 0}, "missing_lines": [418, 419, 420, 421], "excluded_lines": []}, "AsyncAgentsClient.execute": {"executed_lines": [431, 437, 438, 442], "summary": {"covered_lines": 4, "num_statements": 8, "percent_covered": 50.0, "percent_covered_display": "50", "missing_lines": 4, "excluded_lines": 0}, "missing_lines": [443, 444, 445, 446], "excluded_lines": []}, "AsyncAgentsClient.execute_stream": {"executed_lines": [], "summary": {"covered_lines": 0, "num_statements": 25, "percent_covered": 0.0, "percent_covered_display": "0", "missing_lines": 25, "excluded_lines": 0}, "missing_lines": [474, 480, 481, 482, 483, 485, 486, 488, 489, 495, 496, 498, 499, 500, 501, 502, 503, 504, 505, 506, 507, 509, 510, 511, 512], "excluded_lines": []}, "AsyncAgentsClient.get_execution": {"executed_lines": [516, 517], "summary": {"covered_lines": 2, "num_statements": 2, "percent_covered": 100.0, "percent_covered_display": "100", "missing_lines": 0, "excluded_lines": 0}, "missing_lines": [], "excluded_lines": []}, "AsyncAgentsClient.list_executions": {"executed_lines": [527, 528, 530, 533, 534], "summary": {"covered_lines": 5, "num_statements": 7, "percent_covered": 71.42857142857143, "percent_covered_display": "71", "missing_lines": 2, "excluded_lines": 0}, "missing_lines": [529, 531], "excluded_lines": []}, "": {"executed_lines": [1, 4, 5, 6, 12, 15, 16, 18, 21, 71, 92, 116, 174, 191, 230, 296, 309, 338, 339, 341, 344, 374, 384, 398, 414, 423, 448, 514, 519], "summary": {"covered_lines": 26, "num_statements": 26, "percent_covered": 100.0, "percent_covered_display": "100", "missing_lines": 0, "excluded_lines": 0}, "missing_lines": [], "excluded_lines": []}}, "classes": {"AgentsClient": {"executed_lines": [19, 55, 68, 69, 84, 85, 86, 87, 88, 89, 109, 110, 111, 113, 114, 148, 149, 150, 151, 152, 153, 155, 157, 159, 161, 162, 163, 166, 167, 168, 169, 170, 171, 184, 185, 186, 187, 188, 213, 219, 220, 224, 225, 226, 227, 256, 262, 263, 264, 266, 267, 269, 276, 277, 279, 280, 281, 282, 283, 284, 285, 286, 287, 291, 292, 293, 306, 307, 328, 329, 330, 331, 332, 334, 335], "summary": {"covered_lines": 75, "num_statements": 87, "percent_covered": 86.20689655172414, "percent_covered_display": "86", "missing_lines": 12, "excluded_lines": 0}, "missing_lines": [90, 154, 156, 158, 160, 164, 172, 189, 228, 288, 289, 294], "excluded_lines": []}, "AsyncAgentsClient": {"executed_lines": [342, 358, 371, 372, 376, 377, 378, 391, 392, 395, 396, 404, 406, 407, 408, 416, 417, 431, 437, 438, 442, 516, 517, 527, 528, 530, 533, 534], "summary": {"covered_lines": 28, "num_statements": 72, "percent_covered": 38.888888888888886, "percent_covered_display": "39", "missing_lines": 44, "excluded_lines": 0}, "missing_lines": [379, 380, 381, 382, 393, 409, 410, 411, 412, 418, 419, 420, 421, 443, 444, 445, 446, 474, 480, 481, 482, 483, 485, 486, 488, 489, 495, 496, 498, 499, 500, 501, 502, 503, 504, 505, 506, 507, 509, 510, 511, 512, 529, 531], "excluded_lines": []}, "": {"executed_lines": [1, 4, 5, 6, 12, 15, 16, 18, 21, 71, 92, 116, 174, 191, 230, 296, 309, 338, 339, 341, 344, 374, 384, 398, 414, 423, 448, 514, 519], "summary": {"covered_lines": 26, "num_statements": 26, "percent_covered": 100.0, "percent_covered_display": "100", "missing_lines": 0, "excluded_lines": 0}, "missing_lines": [], "excluded_lines": []}}}, "temponest_sdk/client.py": {"executed_lines": [1, 4, 5, 6, 7, 9, 23, 24, 26, 46, 47, 49, 53, 54, 56, 57, 58, 61, 67, 69, 74, 75, 77, 79, 81, 82, 83, 84, 85, 87, 89, 90, 91, 92, 93, 94, 95, 96, 97, 98, 99, 104, 105, 107, 109, 135, 136, 139, 140, 142, 143, 154, 155, 158, 159, 160, 161, 162, 164, 166, 167, 168, 169, 170, 173, 175, 177, 185, 187, 189, 191, 193, 195, 197, 199, 201, 203, 205, 207, 209, 212, 213, 215, 225, 226, 228, 231, 232, 234, 235, 236, 238, 244, 246, 251, 254, 256, 286, 296, 297, 299, 302, 303, 313, 316, 317, 318, 331, 333, 335, 343, 345, 349, 353, 357, 359, 361, 363, 365, 367], "summary": {"covered_lines": 117, "num_statements": 155, "percent_covered": 75.48387096774194, "percent_covered_display": "75", "missing_lines": 38, "excluded_lines": 0}, "missing_lines": [50, 171, 229, 252, 258, 259, 260, 261, 262, 264, 266, 267, 268, 269, 270, 271, 272, 273, 274, 275, 276, 281, 282, 284, 300, 314, 319, 320, 322, 324, 325, 326, 327, 328, 329, 347, 351, 355], "excluded_lines": [], "functions": {"BaseClient.__init__": {"executed_lines": [46, 47, 49, 53, 54, 56, 57, 58, 61], "summary": {"covered_lines": 9, "num_statements": 10, "percent_covered": 90.0, "percent_covered_display": "90", "missing_lines": 1, "excluded_lines": 0}, "missing_lines": [50], "excluded_lines": []}, "BaseClient._get_headers": {"executed_lines": [69, 74, 75, 77], "summary": {"covered_lines": 4, "num_statements": 4, "percent_covered": 100.0, "percent_covered_display": "100", "missing_lines": 0, "excluded_lines": 0}, "missing_lines": [], "excluded_lines": []}, "BaseClient._handle_error": {"executed_lines": [81, 82, 83, 84, 85, 87, 89, 90, 91, 92, 93, 94, 95, 96, 97, 98, 99, 104, 105, 107], "summary": {"covered_lines": 20, "num_statements": 20, "percent_covered": 100.0, "percent_covered_display": "100", "missing_lines": 0, "excluded_lines": 0}, "missing_lines": [], "excluded_lines": []}, "BaseClient._request": {"executed_lines": [135, 136, 139, 140, 142, 143, 154, 155, 158, 159, 160, 161, 162, 164, 166, 167, 168, 169, 170], "summary": {"covered_lines": 19, "num_statements": 20, "percent_covered": 95.0, "percent_covered_display": "95", "missing_lines": 1, "excluded_lines": 0}, "missing_lines": [171], "excluded_lines": []}, "BaseClient.get": {"executed_lines": [175], "summary": {"covered_lines": 1, "num_statements": 1, "percent_covered": 100.0, "percent_covered_display": "100", "missing_lines": 0, "excluded_lines": 0}, "missing_lines": [], "excluded_lines": []}, "BaseClient.post": {"executed_lines": [185], "summary": {"covered_lines": 1, "num_statements": 1, "percent_covered": 100.0, "percent_covered_display": "100", "missing_lines": 0, "excluded_lines": 0}, "missing_lines": [], "excluded_lines": []}, "BaseClient.put": {"executed_lines": [189], "summary": {"covered_lines": 1, "num_statements": 1, "percent_covered": 100.0, "percent_covered_display": "100", "missing_lines": 0, "excluded_lines": 0}, "missing_lines": [], "excluded_lines": []}, "BaseClient.patch": {"executed_lines": [193], "summary": {"covered_lines": 1, "num_statements": 1, "percent_covered": 100.0, "percent_covered_display": "100", "missing_lines": 0, "excluded_lines": 0}, "missing_lines": [], "excluded_lines": []}, "BaseClient.delete": {"executed_lines": [197], "summary": {"covered_lines": 1, "num_statements": 1, "percent_covered": 100.0, "percent_covered_display": "100", "missing_lines": 0, "excluded_lines": 0}, "missing_lines": [], "excluded_lines": []}, "BaseClient.close": {"executed_lines": [201], "summary": {"covered_lines": 1, "num_statements": 1, "percent_covered": 100.0, "percent_covered_display": "100", "missing_lines": 0, "excluded_lines": 0}, "missing_lines": [], "excluded_lines": []}, "BaseClient.__enter__": {"executed_lines": [205], "summary": {"covered_lines": 1, "num_statements": 1, "percent_covered": 100.0, "percent_covered_display": "100", "missing_lines": 0, "excluded_lines": 0}, "missing_lines": [], "excluded_lines": []}, "BaseClient.__exit__": {"executed_lines": [209], "summary": {"covered_lines": 1, "num_statements": 1, "percent_covered": 100.0, "percent_covered_display": "100", "missing_lines": 0, "excluded_lines": 0}, "missing_lines": [], "excluded_lines": []}, "AsyncBaseClient.__init__": {"executed_lines": [225, 226, 228, 231, 232, 234, 235, 236, 238], "summary": {"covered_lines": 9, "num_statements": 10, "percent_covered": 90.0, "percent_covered_display": "90", "missing_lines": 1, "excluded_lines": 0}, "missing_lines": [229], "excluded_lines": []}, "AsyncBaseClient._get_headers": {"executed_lines": [246, 251, 254], "summary": {"covered_lines": 3, "num_statements": 4, "percent_covered": 75.0, "percent_covered_display": "75", "missing_lines": 1, "excluded_lines": 0}, "missing_lines": [252], "excluded_lines": []}, "AsyncBaseClient._handle_error": {"executed_lines": [], "summary": {"covered_lines": 0, "num_statements": 20, "percent_covered": 0.0, "percent_covered_display": "0", "missing_lines": 20, "excluded_lines": 0}, "missing_lines": [258, 259, 260, 261, 262, 264, 266, 267, 268, 269, 270, 271, 272, 273, 274, 275, 276, 281, 282, 284], "excluded_lines": []}, "AsyncBaseClient._request": {"executed_lines": [296, 297, 299, 302, 303, 313, 316, 317, 318], "summary": {"covered_lines": 9, "num_statements": 20, "percent_covered": 45.0, "percent_covered_display": "45", "missing_lines": 11, "excluded_lines": 0}, "missing_lines": [300, 314, 319, 320, 322, 324, 325, 326, 327, 328, 329], "excluded_lines": []}, "AsyncBaseClient.get": {"executed_lines": [333], "summary": {"covered_lines": 1, "num_statements": 1, "percent_covered": 100.0, "percent_covered_display": "100", "missing_lines": 0, "excluded_lines": 0}, "missing_lines": [], "excluded_lines": []}, "AsyncBaseClient.post": {"executed_lines": [343], "summary": {"covered_lines": 1, "num_statements": 1, "percent_covered": 100.0, "percent_covered_display": "100", "missing_lines": 0, "excluded_lines": 0}, "missing_lines": [], "excluded_lines": []}, "AsyncBaseClient.put": {"executed_lines": [], "summary": {"covered_lines": 0, "num_statements": 1, "percent_covered": 0.0, "percent_covered_display": "0", "missing_lines": 1, "excluded_lines": 0}, "missing_lines": [347], "excluded_lines": []}, "AsyncBaseClient.patch": {"executed_lines": [], "summary": {"covered_lines": 0, "num_statements": 1, "percent_covered": 0.0, "percent_covered_display": "0", "missing_lines": 1, "excluded_lines": 0}, "missing_lines": [351], "excluded_lines": []}, "AsyncBaseClient.delete": {"executed_lines": [], "summary": {"covered_lines": 0, "num_statements": 1, "percent_covered": 0.0, "percent_covered_display": "0", "missing_lines": 1, "excluded_lines": 0}, "missing_lines": [355], "excluded_lines": []}, "AsyncBaseClient.close": {"executed_lines": [359], "summary": {"covered_lines": 1, "num_statements": 1, "percent_covered": 100.0, "percent_covered_display": "100", "missing_lines": 0, "excluded_lines": 0}, "missing_lines": [], "excluded_lines": []}, "AsyncBaseClient.__aenter__": {"executed_lines": [363], "summary": {"covered_lines": 1, "num_statements": 1, "percent_covered": 100.0, "percent_covered_display": "100", "missing_lines": 0, "excluded_lines": 0}, "missing_lines": [], "excluded_lines": []}, "AsyncBaseClient.__aexit__": {"executed_lines": [367], "summary": {"covered_lines": 1, "num_statements": 1, "percent_covered": 100.0, "percent_covered_display": "100", "missing_lines": 0, "excluded_lines": 0}, "missing_lines": [], "excluded_lines": []}, "": {"executed_lines": [1, 4, 5, 6, 7, 9, 23, 24, 26, 67, 79, 109, 173, 177, 187, 191, 195, 199, 203, 207, 212, 213, 215, 244, 256, 286, 331, 335, 345, 349, 353, 357, 361, 365], "summary": {"covered_lines": 31, "num_statements": 31, "percent_covered": 100.0, "percent_covered_display": "100", "missing_lines": 0, "excluded_lines": 0}, "missing_lines": [], "excluded_lines": []}}, "classes": {"BaseClient": {"executed_lines": [46, 47, 49, 53, 54, 56, 57, 58, 61, 69, 74, 75, 77, 81, 82, 83, 84, 85, 87, 89, 90, 91, 92, 93, 94, 95, 96, 97, 98, 99, 104, 105, 107, 135, 136, 139, 140, 142, 143, 154, 155, 158, 159, 160, 161, 162, 164, 166, 167, 168, 169, 170, 175, 185, 189, 193, 197, 201, 205, 209], "summary": {"covered_lines": 60, "num_statements": 62, "percent_covered": 96.7741935483871, "percent_covered_display": "97", "missing_lines": 2, "excluded_lines": 0}, "missing_lines": [50, 171], "excluded_lines": []}, "AsyncBaseClient": {"executed_lines": [225, 226, 228, 231, 232, 234, 235, 236, 238, 246, 251, 254, 296, 297, 299, 302, 303, 313, 316, 317, 318, 333, 343, 359, 363, 367], "summary": {"covered_lines": 26, "num_statements": 62, "percent_covered": 41.935483870967744, "percent_covered_display": "42", "missing_lines": 36, "excluded_lines": 0}, "missing_lines": [229, 252, 258, 259, 260, 261, 262, 264, 266, 267, 268, 269, 270, 271, 272, 273, 274, 275, 276, 281, 282, 284, 300, 314, 319, 320, 322, 324, 325, 326, 327, 328, 329, 347, 351, 355], "excluded_lines": []}, "": {"executed_lines": [1, 4, 5, 6, 7, 9, 23, 24, 26, 67, 79, 109, 173, 177, 187, 191, 195, 199, 203, 207, 212, 213, 215, 244, 256, 286, 331, 335, 345, 349, 353, 357, 361, 365], "summary": {"covered_lines": 31, "num_statements": 31, "percent_covered": 100.0, "percent_covered_display": "100", "missing_lines": 0, "excluded_lines": 0}, "missing_lines": [], "excluded_lines": []}}}, "temponest_sdk/collaboration.py": {"executed_lines": [1, 4, 5, 6, 9, 10, 12, 13, 15, 47, 58, 59, 61, 94, 97, 107, 108, 110, 142, 153, 154, 156, 189, 200, 201, 203, 213, 214, 216, 235, 236, 237, 238, 239, 241, 242, 244, 251, 254, 255, 257, 260, 283, 307, 330, 353, 358, 375], "summary": {"covered_lines": 45, "num_statements": 71, "percent_covered": 63.38028169014085, "percent_covered_display": "63", "missing_lines": 26, "excluded_lines": 0}, "missing_lines": [95, 258, 269, 280, 281, 291, 292, 294, 304, 305, 316, 327, 328, 339, 350, 351, 355, 356, 366, 367, 368, 369, 370, 372, 373, 377], "excluded_lines": [], "functions": {"CollaborationClient.__init__": {"executed_lines": [13], "summary": {"covered_lines": 1, "num_statements": 1, "percent_covered": 100.0, "percent_covered_display": "100", "missing_lines": 0, "excluded_lines": 0}, "missing_lines": [], "excluded_lines": []}, "CollaborationClient.execute_sequential": {"executed_lines": [47, 58, 59], "summary": {"covered_lines": 3, "num_statements": 3, "percent_covered": 100.0, "percent_covered_display": "100", "missing_lines": 0, "excluded_lines": 0}, "missing_lines": [], "excluded_lines": []}, "CollaborationClient.execute_parallel": {"executed_lines": [94, 97, 107, 108], "summary": {"covered_lines": 4, "num_statements": 5, "percent_covered": 80.0, "percent_covered_display": "80", "missing_lines": 1, "excluded_lines": 0}, "missing_lines": [95], "excluded_lines": []}, "CollaborationClient.execute_iterative": {"executed_lines": [142, 153, 154], "summary": {"covered_lines": 3, "num_statements": 3, "percent_covered": 100.0, "percent_covered_display": "100", "missing_lines": 0, "excluded_lines": 0}, "missing_lines": [], "excluded_lines": []}, "CollaborationClient.execute_hierarchical": {"executed_lines": [189, 200, 201], "summary": {"covered_lines": 3, "num_statements": 3, "percent_covered": 100.0, "percent_covered_display": "100", "missing_lines": 0, "excluded_lines": 0}, "missing_lines": [], "excluded_lines": []}, "CollaborationClient.get_session": {"executed_lines": [213, 214], "summary": {"covered_lines": 2, "num_statements": 2, "percent_covered": 100.0, "percent_covered_display": "100", "missing_lines": 0, "excluded_lines": 0}, "missing_lines": [], "excluded_lines": []}, "CollaborationClient.list_sessions": {"executed_lines": [235, 236, 237, 238, 239, 241, 242], "summary": {"covered_lines": 7, "num_statements": 7, "percent_covered": 100.0, "percent_covered_display": "100", "missing_lines": 0, "excluded_lines": 0}, "missing_lines": [], "excluded_lines": []}, "CollaborationClient.cancel_session": {"executed_lines": [251], "summary": {"covered_lines": 1, "num_statements": 1, "percent_covered": 100.0, "percent_covered_display": "100", "missing_lines": 0, "excluded_lines": 0}, "missing_lines": [], "excluded_lines": []}, "AsyncCollaborationClient.__init__": {"executed_lines": [], "summary": {"covered_lines": 0, "num_statements": 1, "percent_covered": 0.0, "percent_covered_display": "0", "missing_lines": 1, "excluded_lines": 0}, "missing_lines": [258], "excluded_lines": []}, "AsyncCollaborationClient.execute_sequential": {"executed_lines": [], "summary": {"covered_lines": 0, "num_statements": 3, "percent_covered": 0.0, "percent_covered_display": "0", "missing_lines": 3, "excluded_lines": 0}, "missing_lines": [269, 280, 281], "excluded_lines": []}, "AsyncCollaborationClient.execute_parallel": {"executed_lines": [], "summary": {"covered_lines": 0, "num_statements": 5, "percent_covered": 0.0, "percent_covered_display": "0", "missing_lines": 5, "excluded_lines": 0}, "missing_lines": [291, 292, 294, 304, 305], "excluded_lines": []}, "AsyncCollaborationClient.execute_iterative": {"executed_lines": [], "summary": {"covered_lines": 0, "num_statements": 3, "percent_covered": 0.0, "percent_covered_display": "0", "missing_lines": 3, "excluded_lines": 0}, "missing_lines": [316, 327, 328], "excluded_lines": []}, "AsyncCollaborationClient.execute_hierarchical": {"executed_lines": [], "summary": {"covered_lines": 0, "num_statements": 3, "percent_covered": 0.0, "percent_covered_display": "0", "missing_lines": 3, "excluded_lines": 0}, "missing_lines": [339, 350, 351], "excluded_lines": []}, "AsyncCollaborationClient.get_session": {"executed_lines": [], "summary": {"covered_lines": 0, "num_statements": 2, "percent_covered": 0.0, "percent_covered_display": "0", "missing_lines": 2, "excluded_lines": 0}, "missing_lines": [355, 356], "excluded_lines": []}, "AsyncCollaborationClient.list_sessions": {"executed_lines": [], "summary": {"covered_lines": 0, "num_statements": 7, "percent_covered": 0.0, "percent_covered_display": "0", "missing_lines": 7, "excluded_lines": 0}, "missing_lines": [366, 367, 368, 369, 370, 372, 373], "excluded_lines": []}, "AsyncCollaborationClient.cancel_session": {"executed_lines": [], "summary": {"covered_lines": 0, "num_statements": 1, "percent_covered": 0.0, "percent_covered_display": "0", "missing_lines": 1, "excluded_lines": 0}, "missing_lines": [377], "excluded_lines": []}, "": {"executed_lines": [1, 4, 5, 6, 9, 10, 12, 15, 61, 110, 156, 203, 216, 244, 254, 255, 257, 260, 283, 307, 330, 353, 358, 375], "summary": {"covered_lines": 21, "num_statements": 21, "percent_covered": 100.0, "percent_covered_display": "100", "missing_lines": 0, "excluded_lines": 0}, "missing_lines": [], "excluded_lines": []}}, "classes": {"CollaborationClient": {"executed_lines": [13, 47, 58, 59, 94, 97, 107, 108, 142, 153, 154, 189, 200, 201, 213, 214, 235, 236, 237, 238, 239, 241, 242, 251], "summary": {"covered_lines": 24, "num_statements": 25, "percent_covered": 96.0, "percent_covered_display": "96", "missing_lines": 1, "excluded_lines": 0}, "missing_lines": [95], "excluded_lines": []}, "AsyncCollaborationClient": {"executed_lines": [], "summary": {"covered_lines": 0, "num_statements": 25, "percent_covered": 0.0, "percent_covered_display": "0", "missing_lines": 25, "excluded_lines": 0}, "missing_lines": [258, 269, 280, 281, 291, 292, 294, 304, 305, 316, 327, 328, 339, 350, 351, 355, 356, 366, 367, 368, 369, 370, 372, 373, 377], "excluded_lines": []}, "": {"executed_lines": [1, 4, 5, 6, 9, 10, 12, 15, 61, 110, 156, 203, 216, 244, 254, 255, 257, 260, 283, 307, 330, 353, 358, 375], "summary": {"covered_lines": 21, "num_statements": 21, "percent_covered": 100.0, "percent_covered_display": "100", "missing_lines": 0, "excluded_lines": 0}, "missing_lines": [], "excluded_lines": []}}}, "temponest_sdk/costs.py": {"executed_lines": [1, 4, 5, 6, 7, 10, 11, 13, 14, 16, 45, 46, 47, 48, 49, 50, 51, 52, 53, 55, 56, 58, 71, 72, 73, 75, 88, 89, 90, 92, 109, 110, 112, 115, 116, 118, 133, 134, 136, 139, 140, 142, 157, 158, 160, 163, 164, 166, 173, 174, 176, 202, 208, 209, 211, 225, 226, 228, 241, 242, 243, 245, 272, 273, 275, 278, 299, 308, 313, 329, 334], "summary": {"covered_lines": 68, "num_statements": 102, "percent_covered": 66.66666666666667, "percent_covered_display": "67", "missing_lines": 34, "excluded_lines": 0}, "missing_lines": [111, 113, 135, 137, 159, 161, 262, 268, 269, 276, 286, 287, 288, 289, 290, 291, 292, 293, 294, 296, 297, 304, 305, 306, 310, 311, 320, 326, 327, 331, 332, 339, 340, 341], "excluded_lines": [], "functions": {"CostsClient.__init__": {"executed_lines": [14], "summary": {"covered_lines": 1, "num_statements": 1, "percent_covered": 100.0, "percent_covered_display": "100", "missing_lines": 0, "excluded_lines": 0}, "missing_lines": [], "excluded_lines": []}, "CostsClient.get_summary": {"executed_lines": [45, 46, 47, 48, 49, 50, 51, 52, 53, 55, 56], "summary": {"covered_lines": 11, "num_statements": 11, "percent_covered": 100.0, "percent_covered_display": "100", "missing_lines": 0, "excluded_lines": 0}, "missing_lines": [], "excluded_lines": []}, "CostsClient.get_daily_costs": {"executed_lines": [71, 72, 73], "summary": {"covered_lines": 3, "num_statements": 3, "percent_covered": 100.0, "percent_covered_display": "100", "missing_lines": 0, "excluded_lines": 0}, "missing_lines": [], "excluded_lines": []}, "CostsClient.get_hourly_costs": {"executed_lines": [88, 89, 90], "summary": {"covered_lines": 3, "num_statements": 3, "percent_covered": 100.0, "percent_covered_display": "100", "missing_lines": 0, "excluded_lines": 0}, "missing_lines": [], "excluded_lines": []}, "CostsClient.get_agent_costs": {"executed_lines": [109, 110, 112, 115, 116], "summary": {"covered_lines": 5, "num_statements": 7, "percent_covered": 71.42857142857143, "percent_covered_display": "71", "missing_lines": 2, "excluded_lines": 0}, "missing_lines": [111, 113], "excluded_lines": []}, "CostsClient.get_provider_costs": {"executed_lines": [133, 134, 136, 139, 140], "summary": {"covered_lines": 5, "num_statements": 7, "percent_covered": 71.42857142857143, "percent_covered_display": "71", "missing_lines": 2, "excluded_lines": 0}, "missing_lines": [135, 137], "excluded_lines": []}, "CostsClient.get_model_costs": {"executed_lines": [157, 158, 160, 163, 164], "summary": {"covered_lines": 5, "num_statements": 7, "percent_covered": 71.42857142857143, "percent_covered_display": "71", "missing_lines": 2, "excluded_lines": 0}, "missing_lines": [159, 161], "excluded_lines": []}, "CostsClient.get_budget": {"executed_lines": [173, 174], "summary": {"covered_lines": 2, "num_statements": 2, "percent_covered": 100.0, "percent_covered_display": "100", "missing_lines": 0, "excluded_lines": 0}, "missing_lines": [], "excluded_lines": []}, "CostsClient.set_budget": {"executed_lines": [202, 208, 209], "summary": {"covered_lines": 3, "num_statements": 3, "percent_covered": 100.0, "percent_covered_display": "100", "missing_lines": 0, "excluded_lines": 0}, "missing_lines": [], "excluded_lines": []}, "CostsClient.get_budget_status": {"executed_lines": [225, 226], "summary": {"covered_lines": 2, "num_statements": 2, "percent_covered": 100.0, "percent_covered_display": "100", "missing_lines": 0, "excluded_lines": 0}, "missing_lines": [], "excluded_lines": []}, "CostsClient.get_forecast": {"executed_lines": [241, 242, 243], "summary": {"covered_lines": 3, "num_statements": 3, "percent_covered": 100.0, "percent_covered_display": "100", "missing_lines": 0, "excluded_lines": 0}, "missing_lines": [], "excluded_lines": []}, "CostsClient.export_report": {"executed_lines": [], "summary": {"covered_lines": 0, "num_statements": 3, "percent_covered": 0.0, "percent_covered_display": "0", "missing_lines": 3, "excluded_lines": 0}, "missing_lines": [262, 268, 269], "excluded_lines": []}, "AsyncCostsClient.__init__": {"executed_lines": [], "summary": {"covered_lines": 0, "num_statements": 1, "percent_covered": 0.0, "percent_covered_display": "0", "missing_lines": 1, "excluded_lines": 0}, "missing_lines": [276], "excluded_lines": []}, "AsyncCostsClient.get_summary": {"executed_lines": [], "summary": {"covered_lines": 0, "num_statements": 11, "percent_covered": 0.0, "percent_covered_display": "0", "missing_lines": 11, "excluded_lines": 0}, "missing_lines": [286, 287, 288, 289, 290, 291, 292, 293, 294, 296, 297], "excluded_lines": []}, "AsyncCostsClient.get_daily_costs": {"executed_lines": [], "summary": {"covered_lines": 0, "num_statements": 3, "percent_covered": 0.0, "percent_covered_display": "0", "missing_lines": 3, "excluded_lines": 0}, "missing_lines": [304, 305, 306], "excluded_lines": []}, "AsyncCostsClient.get_budget": {"executed_lines": [], "summary": {"covered_lines": 0, "num_statements": 2, "percent_covered": 0.0, "percent_covered_display": "0", "missing_lines": 2, "excluded_lines": 0}, "missing_lines": [310, 311], "excluded_lines": []}, "AsyncCostsClient.set_budget": {"executed_lines": [], "summary": {"covered_lines": 0, "num_statements": 3, "percent_covered": 0.0, "percent_covered_display": "0", "missing_lines": 3, "excluded_lines": 0}, "missing_lines": [320, 326, 327], "excluded_lines": []}, "AsyncCostsClient.get_budget_status": {"executed_lines": [], "summary": {"covered_lines": 0, "num_statements": 2, "percent_covered": 0.0, "percent_covered_display": "0", "missing_lines": 2, "excluded_lines": 0}, "missing_lines": [331, 332], "excluded_lines": []}, "AsyncCostsClient.get_forecast": {"executed_lines": [], "summary": {"covered_lines": 0, "num_statements": 3, "percent_covered": 0.0, "percent_covered_display": "0", "missing_lines": 3, "excluded_lines": 0}, "missing_lines": [339, 340, 341], "excluded_lines": []}, "": {"executed_lines": [1, 4, 5, 6, 7, 10, 11, 13, 16, 58, 75, 92, 118, 142, 166, 176, 211, 228, 245, 272, 273, 275, 278, 299, 308, 313, 329, 334], "summary": {"covered_lines": 25, "num_statements": 25, "percent_covered": 100.0, "percent_covered_display": "100", "missing_lines": 0, "excluded_lines": 0}, "missing_lines": [], "excluded_lines": []}}, "classes": {"CostsClient": {"executed_lines": [14, 45, 46, 47, 48, 49, 50, 51, 52, 53, 55, 56, 71, 72, 73, 88, 89, 90, 109, 110, 112, 115, 116, 133, 134, 136, 139, 140, 157, 158, 160, 163, 164, 173, 174, 202, 208, 209, 225, 226, 241, 242, 243], "summary": {"covered_lines": 43, "num_statements": 52, "percent_covered": 82.6923076923077, "percent_covered_display": "83", "missing_lines": 9, "excluded_lines": 0}, "missing_lines": [111, 113, 135, 137, 159, 161, 262, 268, 269], "excluded_lines": []}, "AsyncCostsClient": {"executed_lines": [], "summary": {"covered_lines": 0, "num_statements": 25, "percent_covered": 0.0, "percent_covered_display": "0", "missing_lines": 25, "excluded_lines": 0}, "missing_lines": [276, 286, 287, 288, 289, 290, 291, 292, 293, 294, 296, 297, 304, 305, 306, 310, 311, 320, 326, 327, 331, 332, 339, 340, 341], "excluded_lines": []}, "": {"executed_lines": [1, 4, 5, 6, 7, 10, 11, 13, 16, 58, 75, 92, 118, 142, 166, 176, 211, 228, 245, 272, 273, 275, 278, 299, 308, 313, 329, 334], "summary": {"covered_lines": 25, "num_statements": 25, "percent_covered": 100.0, "percent_covered_display": "100", "missing_lines": 0, "excluded_lines": 0}, "missing_lines": [], "excluded_lines": []}}}, "temponest_sdk/exceptions.py": {"executed_lines": [1, 4, 7, 8, 9, 12, 13, 15, 21, 22, 23, 24, 26, 27, 28, 29, 32, 33, 34, 37, 38, 39, 42, 43, 44, 47, 48, 49, 52, 53, 54, 57, 58, 59, 62, 63, 64, 67, 68, 70, 76, 77, 80, 81, 82, 85, 86, 87, 90, 91, 92, 95, 96, 97], "summary": {"covered_lines": 39, "num_statements": 39, "percent_covered": 100.0, "percent_covered_display": "100", "missing_lines": 0, "excluded_lines": 0}, "missing_lines": [], "excluded_lines": [], "functions": {"TemponestAPIError.__init__": {"executed_lines": [21, 22, 23, 24], "summary": {"covered_lines": 4, "num_statements": 4, "percent_covered": 100.0, "percent_covered_display": "100", "missing_lines": 0, "excluded_lines": 0}, "missing_lines": [], "excluded_lines": []}, "TemponestAPIError.__str__": {"executed_lines": [27, 28, 29], "summary": {"covered_lines": 3, "num_statements": 3, "percent_covered": 100.0, "percent_covered_display": "100", "missing_lines": 0, "excluded_lines": 0}, "missing_lines": [], "excluded_lines": []}, "RateLimitError.__init__": {"executed_lines": [76, 77], "summary": {"covered_lines": 2, "num_statements": 2, "percent_covered": 100.0, "percent_covered_display": "100", "missing_lines": 0, "excluded_lines": 0}, "missing_lines": [], "excluded_lines": []}, "": {"executed_lines": [1, 4, 7, 8, 9, 12, 13, 15, 26, 32, 33, 34, 37, 38, 39, 42, 43, 44, 47, 48, 49, 52, 53, 54, 57, 58, 59, 62, 63, 64, 67, 68, 70, 80, 81, 82, 85, 86, 87, 90, 91, 92, 95, 96, 97], "summary": {"covered_lines": 30, "num_statements": 30, "percent_covered": 100.0, "percent_covered_display": "100", "missing_lines": 0, "excluded_lines": 0}, "missing_lines": [], "excluded_lines": []}}, "classes": {"TemponestError": {"executed_lines": [], "summary": {"covered_lines": 0, "num_statements": 0, "percent_covered": 100.0, "percent_covered_display": "100", "missing_lines": 0, "excluded_lines": 0}, "missing_lines": [], "excluded_lines": []}, "TemponestAPIError": {"executed_lines": [21, 22, 23, 24, 27, 28, 29], "summary": {"covered_lines": 7, "num_statements": 7, "percent_covered": 100.0, "percent_covered_display": "100", "missing_lines": 0, "excluded_lines": 0}, "missing_lines": [], "excluded_lines": []}, "AuthenticationError": {"executed_lines": [], "summary": {"covered_lines": 0, "num_statements": 0, "percent_covered": 100.0, "percent_covered_display": "100", "missing_lines": 0, "excluded_lines": 0}, "missing_lines": [], "excluded_lines": []}, "AuthorizationError": {"executed_lines": [], "summary": {"covered_lines": 0, "num_statements": 0, "percent_covered": 100.0, "percent_covered_display": "100", "missing_lines": 0, "excluded_lines": 0}, "missing_lines": [], "excluded_lines": []}, "NotFoundError": {"executed_lines": [], "summary": {"covered_lines": 0, "num_statements": 0, "percent_covered": 100.0, "percent_covered_display": "100", "missing_lines": 0, "excluded_lines": 0}, "missing_lines": [], "excluded_lines": []}, "AgentNotFoundError": {"executed_lines": [], "summary": {"covered_lines": 0, "num_statements": 0, "percent_covered": 100.0, "percent_covered_display": "100", "missing_lines": 0, "excluded_lines": 0}, "missing_lines": [], "excluded_lines": []}, "ScheduleNotFoundError": {"executed_lines": [], "summary": {"covered_lines": 0, "num_statements": 0, "percent_covered": 100.0, "percent_covered_display": "100", "missing_lines": 0, "excluded_lines": 0}, "missing_lines": [], "excluded_lines": []}, "CollectionNotFoundError": {"executed_lines": [], "summary": {"covered_lines": 0, "num_statements": 0, "percent_covered": 100.0, "percent_covered_display": "100", "missing_lines": 0, "excluded_lines": 0}, "missing_lines": [], "excluded_lines": []}, "ValidationError": {"executed_lines": [], "summary": {"covered_lines": 0, "num_statements": 0, "percent_covered": 100.0, "percent_covered_display": "100", "missing_lines": 0, "excluded_lines": 0}, "missing_lines": [], "excluded_lines": []}, "RateLimitError": {"executed_lines": [76, 77], "summary": {"covered_lines": 2, "num_statements": 2, "percent_covered": 100.0, "percent_covered_display": "100", "missing_lines": 0, "excluded_lines": 0}, "missing_lines": [], "excluded_lines": []}, "ServerError": {"executed_lines": [], "summary": {"covered_lines": 0, "num_statements": 0, "percent_covered": 100.0, "percent_covered_display": "100", "missing_lines": 0, "excluded_lines": 0}, "missing_lines": [], "excluded_lines": []}, "ConnectionError": {"executed_lines": [], "summary": {"covered_lines": 0, "num_statements": 0, "percent_covered": 100.0, "percent_covered_display": "100", "missing_lines": 0, "excluded_lines": 0}, "missing_lines": [], "excluded_lines": []}, "TimeoutError": {"executed_lines": [], "summary": {"covered_lines": 0, "num_statements": 0, "percent_covered": 100.0, "percent_covered_display": "100", "missing_lines": 0, "excluded_lines": 0}, "missing_lines": [], "excluded_lines": []}, "ConfigurationError": {"executed_lines": [], "summary": {"covered_lines": 0, "num_statements": 0, "percent_covered": 100.0, "percent_covered_display": "100", "missing_lines": 0, "excluded_lines": 0}, "missing_lines": [], "excluded_lines": []}, "": {"executed_lines": [1, 4, 7, 8, 9, 12, 13, 15, 26, 32, 33, 34, 37, 38, 39, 42, 43, 44, 47, 48, 49, 52, 53, 54, 57, 58, 59, 62, 63, 64, 67, 68, 70, 80, 81, 82, 85, 86, 87, 90, 91, 92, 95, 96, 97], "summary": {"covered_lines": 30, "num_statements": 30, "percent_covered": 100.0, "percent_covered_display": "100", "missing_lines": 0, "excluded_lines": 0}, "missing_lines": [], "excluded_lines": []}}}, "temponest_sdk/main.py": {"executed_lines": [1, 4, 5, 6, 7, 8, 9, 10, 11, 14, 15, 44, 64, 74, 75, 76, 77, 78, 79, 81, 83, 85, 87, 89, 91, 94, 95, 126, 163, 167, 171], "summary": {"covered_lines": 28, "num_statements": 38, "percent_covered": 73.6842105263158, "percent_covered_display": "74", "missing_lines": 10, "excluded_lines": 0}, "missing_lines": [146, 156, 157, 158, 159, 160, 161, 165, 169, 173], "excluded_lines": [], "functions": {"TemponestClient.__init__": {"executed_lines": [64, 74, 75, 76, 77, 78, 79], "summary": {"covered_lines": 7, "num_statements": 7, "percent_covered": 100.0, "percent_covered_display": "100", "missing_lines": 0, "excluded_lines": 0}, "missing_lines": [], "excluded_lines": []}, "TemponestClient.close": {"executed_lines": [83], "summary": {"covered_lines": 1, "num_statements": 1, "percent_covered": 100.0, "percent_covered_display": "100", "missing_lines": 0, "excluded_lines": 0}, "missing_lines": [], "excluded_lines": []}, "TemponestClient.__enter__": {"executed_lines": [87], "summary": {"covered_lines": 1, "num_statements": 1, "percent_covered": 100.0, "percent_covered_display": "100", "missing_lines": 0, "excluded_lines": 0}, "missing_lines": [], "excluded_lines": []}, "TemponestClient.__exit__": {"executed_lines": [91], "summary": {"covered_lines": 1, "num_statements": 1, "percent_covered": 100.0, "percent_covered_display": "100", "missing_lines": 0, "excluded_lines": 0}, "missing_lines": [], "excluded_lines": []}, "AsyncTemponestClient.__init__": {"executed_lines": [], "summary": {"covered_lines": 0, "num_statements": 7, "percent_covered": 0.0, "percent_covered_display": "0", "missing_lines": 7, "excluded_lines": 0}, "missing_lines": [146, 156, 157, 158, 159, 160, 161], "excluded_lines": []}, "AsyncTemponestClient.close": {"executed_lines": [], "summary": {"covered_lines": 0, "num_statements": 1, "percent_covered": 0.0, "percent_covered_display": "0", "missing_lines": 1, "excluded_lines": 0}, "missing_lines": [165], "excluded_lines": []}, "AsyncTemponestClient.__aenter__": {"executed_lines": [], "summary": {"covered_lines": 0, "num_statements": 1, "percent_covered": 0.0, "percent_covered_display": "0", "missing_lines": 1, "excluded_lines": 0}, "missing_lines": [169], "excluded_lines": []}, "AsyncTemponestClient.__aexit__": {"executed_lines": [], "summary": {"covered_lines": 0, "num_statements": 1, "percent_covered": 0.0, "percent_covered_display": "0", "missing_lines": 1, "excluded_lines": 0}, "missing_lines": [173], "excluded_lines": []}, "": {"executed_lines": [1, 4, 5, 6, 7, 8, 9, 10, 11, 14, 15, 44, 81, 85, 89, 94, 95, 126, 163, 167, 171], "summary": {"covered_lines": 18, "num_statements": 18, "percent_covered": 100.0, "percent_covered_display": "100", "missing_lines": 0, "excluded_lines": 0}, "missing_lines": [], "excluded_lines": []}}, "classes": {"TemponestClient": {"executed_lines": [64, 74, 75, 76, 77, 78, 79, 83, 87, 91], "summary": {"covered_lines": 10, "num_statements": 10, "percent_covered": 100.0, "percent_covered_display": "100", "missing_lines": 0, "excluded_lines": 0}, "missing_lines": [], "excluded_lines": []}, "AsyncTemponestClient": {"executed_lines": [], "summary": {"covered_lines": 0, "num_statements": 10, "percent_covered": 0.0, "percent_covered_display": "0", "missing_lines": 10, "excluded_lines": 0}, "missing_lines": [146, 156, 157, 158, 159, 160, 161, 165, 169, 173], "excluded_lines": []}, "": {"executed_lines": [1, 4, 5, 6, 7, 8, 9, 10, 11, 14, 15, 44, 81, 85, 89, 94, 95, 126, 163, 167, 171], "summary": {"covered_lines": 18, "num_statements": 18, "percent_covered": 100.0, "percent_covered_display": "100", "missing_lines": 0, "excluded_lines": 0}, "missing_lines": [], "excluded_lines": []}}}, "temponest_sdk/models.py": {"executed_lines": [1, 4, 5, 6, 10, 11, 12, 14, 15, 16, 17, 18, 19, 20, 21, 22, 23, 24, 25, 26, 27, 30, 31, 32, 34, 35, 36, 37, 38, 39, 40, 41, 42, 43, 44, 45, 46, 47, 51, 52, 53, 55, 56, 57, 58, 59, 60, 61, 62, 63, 64, 65, 68, 69, 70, 72, 73, 74, 75, 76, 77, 78, 82, 83, 84, 86, 87, 88, 89, 90, 91, 92, 93, 94, 95, 98, 99, 100, 102, 103, 104, 105, 106, 107, 108, 109, 112, 113, 114, 116, 117, 118, 119, 123, 124, 125, 127, 128, 129, 130, 131, 132, 133, 134, 138, 139, 140, 142, 143, 144, 145, 146, 147, 148, 151, 152, 153, 155, 156, 157, 161, 162, 163, 165, 166, 167, 168, 169, 170, 171, 172, 173, 174, 177, 178, 179, 181, 182, 183, 186, 187, 188, 190, 191, 192, 195, 196, 197, 199, 200, 201, 202, 203, 206, 207, 208, 210, 211, 212], "summary": {"covered_lines": 143, "num_statements": 143, "percent_covered": 100.0, "percent_covered_display": "100", "missing_lines": 0, "excluded_lines": 0}, "missing_lines": [], "excluded_lines": [], "functions": {"": {"executed_lines": [1, 4, 5, 6, 10, 11, 12, 14, 15, 16, 17, 18, 19, 20, 21, 22, 23, 24, 25, 26, 27, 30, 31, 32, 34, 35, 36, 37, 38, 39, 40, 41, 42, 43, 44, 45, 46, 47, 51, 52, 53, 55, 56, 57, 58, 59, 60, 61, 62, 63, 64, 65, 68, 69, 70, 72, 73, 74, 75, 76, 77, 78, 82, 83, 84, 86, 87, 88, 89, 90, 91, 92, 93, 94, 95, 98, 99, 100, 102, 103, 104, 105, 106, 107, 108, 109, 112, 113, 114, 116, 117, 118, 119, 123, 124, 125, 127, 128, 129, 130, 131, 132, 133, 134, 138, 139, 140, 142, 143, 144, 145, 146, 147, 148, 151, 152, 153, 155, 156, 157, 161, 162, 163, 165, 166, 167, 168, 169, 170, 171, 172, 173, 174, 177, 178, 179, 181, 182, 183, 186, 187, 188, 190, 191, 192, 195, 196, 197, 199, 200, 201, 202, 203, 206, 207, 208, 210, 211, 212], "summary": {"covered_lines": 143, "num_statements": 143, "percent_covered": 100.0, "percent_covered_display": "100", "missing_lines": 0, "excluded_lines": 0}, "missing_lines": [], "excluded_lines": []}}, "classes": {"Agent": {"executed_lines": [], "summary": {"covered_lines": 0, "num_statements": 0, "percent_covered": 100.0, "percent_covered_display": "100", "missing_lines": 0, "excluded_lines": 0}, "missing_lines": [], "excluded_lines": []}, "AgentExecution": {"executed_lines": [], "summary": {"covered_lines": 0, "num_statements": 0, "percent_covered": 100.0, "percent_covered_display": "100", "missing_lines": 0, "excluded_lines": 0}, "missing_lines": [], "excluded_lines": []}, "ScheduledTask": {"executed_lines": [], "summary": {"covered_lines": 0, "num_statements": 0, "percent_covered": 100.0, "percent_covered_display": "100", "missing_lines": 0, "excluded_lines": 0}, "missing_lines": [], "excluded_lines": []}, "TaskExecution": {"executed_lines": [], "summary": {"covered_lines": 0, "num_statements": 0, "percent_covered": 100.0, "percent_covered_display": "100", "missing_lines": 0, "excluded_lines": 0}, "missing_lines": [], "excluded_lines": []}, "Collection": {"executed_lines": [], "summary": {"covered_lines": 0, "num_statements": 0, "percent_covered": 100.0, "percent_covered_display": "100", "missing_lines": 0, "excluded_lines": 0}, "missing_lines": [], "excluded_lines": []}, "Document": {"executed_lines": [], "summary": {"covered_lines": 0, "num_statements": 0, "percent_covered": 100.0, "percent_covered_display": "100", "missing_lines": 0, "excluded_lines": 0}, "missing_lines": [], "excluded_lines": []}, "QueryResult": {"executed_lines": [], "summary": {"covered_lines": 0, "num_statements": 0, "percent_covered": 100.0, "percent_covered_display": "100", "missing_lines": 0, "excluded_lines": 0}, "missing_lines": [], "excluded_lines": []}, "CollaborationSession": {"executed_lines": [], "summary": {"covered_lines": 0, "num_statements": 0, "percent_covered": 100.0, "percent_covered_display": "100", "missing_lines": 0, "excluded_lines": 0}, "missing_lines": [], "excluded_lines": []}, "CostSummary": {"executed_lines": [], "summary": {"covered_lines": 0, "num_statements": 0, "percent_covered": 100.0, "percent_covered_display": "100", "missing_lines": 0, "excluded_lines": 0}, "missing_lines": [], "excluded_lines": []}, "BudgetConfig": {"executed_lines": [], "summary": {"covered_lines": 0, "num_statements": 0, "percent_covered": 100.0, "percent_covered_display": "100", "missing_lines": 0, "excluded_lines": 0}, "missing_lines": [], "excluded_lines": []}, "AgentCreateRequest": {"executed_lines": [], "summary": {"covered_lines": 0, "num_statements": 0, "percent_covered": 100.0, "percent_covered_display": "100", "missing_lines": 0, "excluded_lines": 0}, "missing_lines": [], "excluded_lines": []}, "AgentExecuteRequest": {"executed_lines": [], "summary": {"covered_lines": 0, "num_statements": 0, "percent_covered": 100.0, "percent_covered_display": "100", "missing_lines": 0, "excluded_lines": 0}, "missing_lines": [], "excluded_lines": []}, "ScheduleCreateRequest": {"executed_lines": [], "summary": {"covered_lines": 0, "num_statements": 0, "percent_covered": 100.0, "percent_covered_display": "100", "missing_lines": 0, "excluded_lines": 0}, "missing_lines": [], "excluded_lines": []}, "CollectionCreateRequest": {"executed_lines": [], "summary": {"covered_lines": 0, "num_statements": 0, "percent_covered": 100.0, "percent_covered_display": "100", "missing_lines": 0, "excluded_lines": 0}, "missing_lines": [], "excluded_lines": []}, "QueryRequest": {"executed_lines": [], "summary": {"covered_lines": 0, "num_statements": 0, "percent_covered": 100.0, "percent_covered_display": "100", "missing_lines": 0, "excluded_lines": 0}, "missing_lines": [], "excluded_lines": []}, "": {"executed_lines": [1, 4, 5, 6, 10, 11, 12, 14, 15, 16, 17, 18, 19, 20, 21, 22, 23, 24, 25, 26, 27, 30, 31, 32, 34, 35, 36, 37, 38, 39, 40, 41, 42, 43, 44, 45, 46, 47, 51, 52, 53, 55, 56, 57, 58, 59, 60, 61, 62, 63, 64, 65, 68, 69, 70, 72, 73, 74, 75, 76, 77, 78, 82, 83, 84, 86, 87, 88, 89, 90, 91, 92, 93, 94, 95, 98, 99, 100, 102, 103, 104, 105, 106, 107, 108, 109, 112, 113, 114, 116, 117, 118, 119, 123, 124, 125, 127, 128, 129, 130, 131, 132, 133, 134, 138, 139, 140, 142, 143, 144, 145, 146, 147, 148, 151, 152, 153, 155, 156, 157, 161, 162, 163, 165, 166, 167, 168, 169, 170, 171, 172, 173, 174, 177, 178, 179, 181, 182, 183, 186, 187, 188, 190, 191, 192, 195, 196, 197, 199, 200, 201, 202, 203, 206, 207, 208, 210, 211, 212], "summary": {"covered_lines": 143, "num_statements": 143, "percent_covered": 100.0, "percent_covered_display": "100", "missing_lines": 0, "excluded_lines": 0}, "missing_lines": [], "excluded_lines": []}}}, "temponest_sdk/rag.py": {"executed_lines": [1, 4, 5, 6, 7, 14, 17, 18, 20, 21, 23, 47, 55, 56, 58, 71, 72, 73, 74, 75, 76, 79, 96, 97, 98, 100, 101, 103, 123, 124, 125, 126, 127, 129, 130, 134, 140, 150, 151, 157, 178, 179, 182, 183, 186, 187, 188, 190, 191, 196, 202, 219, 220, 221, 222, 223, 226, 228, 238, 239, 241, 258, 259, 263, 265, 272, 274, 296, 302, 303, 307, 314, 315, 317, 320, 340, 350, 364, 383, 392, 423], "summary": {"covered_lines": 78, "num_statements": 151, "percent_covered": 51.65562913907285, "percent_covered_display": "52", "missing_lines": 73, "excluded_lines": 0}, "missing_lines": [77, 135, 136, 137, 138, 152, 153, 154, 155, 180, 197, 198, 199, 200, 224, 225, 308, 309, 310, 311, 318, 329, 337, 338, 342, 343, 344, 345, 346, 347, 348, 357, 358, 359, 361, 362, 370, 372, 373, 377, 378, 379, 380, 381, 385, 386, 387, 388, 389, 390, 399, 400, 401, 403, 404, 407, 408, 409, 411, 412, 417, 418, 419, 420, 421, 431, 437, 438, 442, 443, 444, 445, 446], "excluded_lines": [], "functions": {"RAGClient.__init__": {"executed_lines": [21], "summary": {"covered_lines": 1, "num_statements": 1, "percent_covered": 100.0, "percent_covered_display": "100", "missing_lines": 0, "excluded_lines": 0}, "missing_lines": [], "excluded_lines": []}, "RAGClient.create_collection": {"executed_lines": [47, 55, 56], "summary": {"covered_lines": 3, "num_statements": 3, "percent_covered": 100.0, "percent_covered_display": "100", "missing_lines": 0, "excluded_lines": 0}, "missing_lines": [], "excluded_lines": []}, "RAGClient.get_collection": {"executed_lines": [71, 72, 73, 74, 75, 76], "summary": {"covered_lines": 6, "num_statements": 7, "percent_covered": 85.71428571428571, "percent_covered_display": "86", "missing_lines": 1, "excluded_lines": 0}, "missing_lines": [77], "excluded_lines": []}, "RAGClient.list_collections": {"executed_lines": [96, 97, 98, 100, 101], "summary": {"covered_lines": 5, "num_statements": 5, "percent_covered": 100.0, "percent_covered_display": "100", "missing_lines": 0, "excluded_lines": 0}, "missing_lines": [], "excluded_lines": []}, "RAGClient.update_collection": {"executed_lines": [123, 124, 125, 126, 127, 129, 130, 134], "summary": {"covered_lines": 8, "num_statements": 12, "percent_covered": 66.66666666666667, "percent_covered_display": "67", "missing_lines": 4, "excluded_lines": 0}, "missing_lines": [135, 136, 137, 138], "excluded_lines": []}, "RAGClient.delete_collection": {"executed_lines": [150, 151], "summary": {"covered_lines": 2, "num_statements": 6, "percent_covered": 33.333333333333336, "percent_covered_display": "33", "missing_lines": 4, "excluded_lines": 0}, "missing_lines": [152, 153, 154, 155], "excluded_lines": []}, "RAGClient.upload_document": {"executed_lines": [178, 179, 182, 183, 186, 187, 188, 190, 191, 196], "summary": {"covered_lines": 10, "num_statements": 15, "percent_covered": 66.66666666666667, "percent_covered_display": "67", "missing_lines": 5, "excluded_lines": 0}, "missing_lines": [180, 197, 198, 199, 200], "excluded_lines": []}, "RAGClient.upload_documents": {"executed_lines": [219, 220, 221, 222, 223, 226], "summary": {"covered_lines": 6, "num_statements": 8, "percent_covered": 75.0, "percent_covered_display": "75", "missing_lines": 2, "excluded_lines": 0}, "missing_lines": [224, 225], "excluded_lines": []}, "RAGClient.get_document": {"executed_lines": [238, 239], "summary": {"covered_lines": 2, "num_statements": 2, "percent_covered": 100.0, "percent_covered_display": "100", "missing_lines": 0, "excluded_lines": 0}, "missing_lines": [], "excluded_lines": []}, "RAGClient.list_documents": {"executed_lines": [258, 259, 263], "summary": {"covered_lines": 3, "num_statements": 3, "percent_covered": 100.0, "percent_covered_display": "100", "missing_lines": 0, "excluded_lines": 0}, "missing_lines": [], "excluded_lines": []}, "RAGClient.delete_document": {"executed_lines": [272], "summary": {"covered_lines": 1, "num_statements": 1, "percent_covered": 100.0, "percent_covered_display": "100", "missing_lines": 0, "excluded_lines": 0}, "missing_lines": [], "excluded_lines": []}, "RAGClient.query": {"executed_lines": [296, 302, 303, 307], "summary": {"covered_lines": 4, "num_statements": 8, "percent_covered": 50.0, "percent_covered_display": "50", "missing_lines": 4, "excluded_lines": 0}, "missing_lines": [308, 309, 310, 311], "excluded_lines": []}, "AsyncRAGClient.__init__": {"executed_lines": [], "summary": {"covered_lines": 0, "num_statements": 1, "percent_covered": 0.0, "percent_covered_display": "0", "missing_lines": 1, "excluded_lines": 0}, "missing_lines": [318], "excluded_lines": []}, "AsyncRAGClient.create_collection": {"executed_lines": [], "summary": {"covered_lines": 0, "num_statements": 3, "percent_covered": 0.0, "percent_covered_display": "0", "missing_lines": 3, "excluded_lines": 0}, "missing_lines": [329, 337, 338], "excluded_lines": []}, "AsyncRAGClient.get_collection": {"executed_lines": [], "summary": {"covered_lines": 0, "num_statements": 7, "percent_covered": 0.0, "percent_covered_display": "0", "missing_lines": 7, "excluded_lines": 0}, "missing_lines": [342, 343, 344, 345, 346, 347, 348], "excluded_lines": []}, "AsyncRAGClient.list_collections": {"executed_lines": [], "summary": {"covered_lines": 0, "num_statements": 5, "percent_covered": 0.0, "percent_covered_display": "0", "missing_lines": 5, "excluded_lines": 0}, "missing_lines": [357, 358, 359, 361, 362], "excluded_lines": []}, "AsyncRAGClient.update_collection": {"executed_lines": [], "summary": {"covered_lines": 0, "num_statements": 8, "percent_covered": 0.0, "percent_covered_display": "0", "missing_lines": 8, "excluded_lines": 0}, "missing_lines": [370, 372, 373, 377, 378, 379, 380, 381], "excluded_lines": []}, "AsyncRAGClient.delete_collection": {"executed_lines": [], "summary": {"covered_lines": 0, "num_statements": 6, "percent_covered": 0.0, "percent_covered_display": "0", "missing_lines": 6, "excluded_lines": 0}, "missing_lines": [385, 386, 387, 388, 389, 390], "excluded_lines": []}, "AsyncRAGClient.upload_document": {"executed_lines": [], "summary": {"covered_lines": 0, "num_statements": 15, "percent_covered": 0.0, "percent_covered_display": "0", "missing_lines": 15, "excluded_lines": 0}, "missing_lines": [399, 400, 401, 403, 404, 407, 408, 409, 411, 412, 417, 418, 419, 420, 421], "excluded_lines": []}, "AsyncRAGClient.query": {"executed_lines": [], "summary": {"covered_lines": 0, "num_statements": 8, "percent_covered": 0.0, "percent_covered_display": "0", "missing_lines": 8, "excluded_lines": 0}, "missing_lines": [431, 437, 438, 442, 443, 444, 445, 446], "excluded_lines": []}, "": {"executed_lines": [1, 4, 5, 6, 7, 14, 17, 18, 20, 23, 58, 79, 103, 140, 157, 202, 228, 241, 265, 274, 314, 315, 317, 320, 340, 350, 364, 383, 392, 423], "summary": {"covered_lines": 27, "num_statements": 27, "percent_covered": 100.0, "percent_covered_display": "100", "missing_lines": 0, "excluded_lines": 0}, "missing_lines": [], "excluded_lines": []}}, "classes": {"RAGClient": {"executed_lines": [21, 47, 55, 56, 71, 72, 73, 74, 75, 76, 96, 97, 98, 100, 101, 123, 124, 125, 126, 127, 129, 130, 134, 150, 151, 178, 179, 182, 183, 186, 187, 188, 190, 191, 196, 219, 220, 221, 222, 223, 226, 238, 239, 258, 259, 263, 272, 296, 302, 303, 307], "summary": {"covered_lines": 51, "num_statements": 71, "percent_covered": 71.83098591549296, "percent_covered_display": "72", "missing_lines": 20, "excluded_lines": 0}, "missing_lines": [77, 135, 136, 137, 138, 152, 153, 154, 155, 180, 197, 198, 199, 200, 224, 225, 308, 309, 310, 311], "excluded_lines": []}, "AsyncRAGClient": {"executed_lines": [], "summary": {"covered_lines": 0, "num_statements": 53, "percent_covered": 0.0, "percent_covered_display": "0", "missing_lines": 53, "excluded_lines": 0}, "missing_lines": [318, 329, 337, 338, 342, 343, 344, 345, 346, 347, 348, 357, 358, 359, 361, 362, 370, 372, 373, 377, 378, 379, 380, 381, 385, 386, 387, 388, 389, 390, 399, 400, 401, 403, 404, 407, 408, 409, 411, 412, 417, 418, 419, 420, 421, 431, 437, 438, 442, 443, 444, 445, 446], "excluded_lines": []}, "": {"executed_lines": [1, 4, 5, 6, 7, 14, 17, 18, 20, 23, 58, 79, 103, 140, 157, 202, 228, 241, 265, 274, 314, 315, 317, 320, 340, 350, 364, 383, 392, 423], "summary": {"covered_lines": 27, "num_statements": 27, "percent_covered": 100.0, "percent_covered_display": "100", "missing_lines": 0, "excluded_lines": 0}, "missing_lines": [], "excluded_lines": []}}}, "temponest_sdk/scheduler.py": {"executed_lines": [1, 4, 5, 6, 11, 14, 15, 17, 18, 20, 22, 42, 49, 50, 51, 52, 53, 55, 57, 70, 71, 72, 73, 74, 75, 76, 77, 80, 82, 101, 102, 103, 104, 105, 107, 108, 109, 110, 111, 113, 115, 137, 138, 140, 142, 143, 145, 146, 147, 148, 149, 155, 157, 167, 168, 169, 170, 171, 172, 173, 176, 178, 191, 193, 206, 208, 221, 222, 223, 224, 225, 231, 233, 250, 252, 253, 254, 255, 259, 261, 264, 265, 267, 271, 292, 306, 328, 348, 361, 365, 369, 383], "summary": {"covered_lines": 89, "num_statements": 170, "percent_covered": 52.35294117647059, "percent_covered_display": "52", "missing_lines": 81, "excluded_lines": 0}, "missing_lines": [78, 139, 141, 150, 151, 152, 153, 174, 226, 227, 228, 229, 268, 269, 278, 284, 285, 286, 287, 288, 290, 294, 295, 296, 297, 298, 299, 300, 301, 302, 304, 314, 315, 316, 317, 318, 320, 321, 322, 323, 324, 326, 334, 336, 337, 338, 339, 340, 341, 342, 343, 344, 346, 350, 351, 352, 353, 354, 355, 356, 357, 359, 363, 367, 371, 372, 373, 374, 375, 376, 377, 378, 379, 381, 390, 392, 393, 394, 395, 399, 401], "excluded_lines": [], "functions": {"SchedulerClient.__init__": {"executed_lines": [18, 20], "summary": {"covered_lines": 2, "num_statements": 2, "percent_covered": 100.0, "percent_covered_display": "100", "missing_lines": 0, "excluded_lines": 0}, "missing_lines": [], "excluded_lines": []}, "SchedulerClient.create": {"executed_lines": [42, 49, 50, 51, 52, 53, 55], "summary": {"covered_lines": 7, "num_statements": 7, "percent_covered": 100.0, "percent_covered_display": "100", "missing_lines": 0, "excluded_lines": 0}, "missing_lines": [], "excluded_lines": []}, "SchedulerClient.get": {"executed_lines": [70, 71, 72, 73, 74, 75, 76, 77, 80], "summary": {"covered_lines": 9, "num_statements": 10, "percent_covered": 90.0, "percent_covered_display": "90", "missing_lines": 1, "excluded_lines": 0}, "missing_lines": [78], "excluded_lines": []}, "SchedulerClient.list": {"executed_lines": [101, 102, 103, 104, 105, 107, 108, 109, 110, 111, 113], "summary": {"covered_lines": 11, "num_statements": 11, "percent_covered": 100.0, "percent_covered_display": "100", "missing_lines": 0, "excluded_lines": 0}, "missing_lines": [], "excluded_lines": []}, "SchedulerClient.update": {"executed_lines": [137, 138, 140, 142, 143, 145, 146, 147, 148, 149, 155], "summary": {"covered_lines": 11, "num_statements": 17, "percent_covered": 64.70588235294117, "percent_covered_display": "65", "missing_lines": 6, "excluded_lines": 0}, "missing_lines": [139, 141, 150, 151, 152, 153], "excluded_lines": []}, "SchedulerClient.delete": {"executed_lines": [167, 168, 169, 170, 171, 172, 173, 176], "summary": {"covered_lines": 8, "num_statements": 9, "percent_covered": 88.88888888888889, "percent_covered_display": "89", "missing_lines": 1, "excluded_lines": 0}, "missing_lines": [174], "excluded_lines": []}, "SchedulerClient.pause": {"executed_lines": [191], "summary": {"covered_lines": 1, "num_statements": 1, "percent_covered": 100.0, "percent_covered_display": "100", "missing_lines": 0, "excluded_lines": 0}, "missing_lines": [], "excluded_lines": []}, "SchedulerClient.resume": {"executed_lines": [206], "summary": {"covered_lines": 1, "num_statements": 1, "percent_covered": 100.0, "percent_covered_display": "100", "missing_lines": 0, "excluded_lines": 0}, "missing_lines": [], "excluded_lines": []}, "SchedulerClient.trigger": {"executed_lines": [221, 222, 223, 224, 225, 231], "summary": {"covered_lines": 6, "num_statements": 10, "percent_covered": 60.0, "percent_covered_display": "60", "missing_lines": 4, "excluded_lines": 0}, "missing_lines": [226, 227, 228, 229], "excluded_lines": []}, "SchedulerClient.get_executions": {"executed_lines": [250, 252, 253, 254, 255, 259, 261], "summary": {"covered_lines": 7, "num_statements": 7, "percent_covered": 100.0, "percent_covered_display": "100", "missing_lines": 0, "excluded_lines": 0}, "missing_lines": [], "excluded_lines": []}, "AsyncSchedulerClient.__init__": {"executed_lines": [], "summary": {"covered_lines": 0, "num_statements": 2, "percent_covered": 0.0, "percent_covered_display": "0", "missing_lines": 2, "excluded_lines": 0}, "missing_lines": [268, 269], "excluded_lines": []}, "AsyncSchedulerClient.create": {"executed_lines": [], "summary": {"covered_lines": 0, "num_statements": 7, "percent_covered": 0.0, "percent_covered_display": "0", "missing_lines": 7, "excluded_lines": 0}, "missing_lines": [278, 284, 285, 286, 287, 288, 290], "excluded_lines": []}, "AsyncSchedulerClient.get": {"executed_lines": [], "summary": {"covered_lines": 0, "num_statements": 10, "percent_covered": 0.0, "percent_covered_display": "0", "missing_lines": 10, "excluded_lines": 0}, "missing_lines": [294, 295, 296, 297, 298, 299, 300, 301, 302, 304], "excluded_lines": []}, "AsyncSchedulerClient.list": {"executed_lines": [], "summary": {"covered_lines": 0, "num_statements": 11, "percent_covered": 0.0, "percent_covered_display": "0", "missing_lines": 11, "excluded_lines": 0}, "missing_lines": [314, 315, 316, 317, 318, 320, 321, 322, 323, 324, 326], "excluded_lines": []}, "AsyncSchedulerClient.update": {"executed_lines": [], "summary": {"covered_lines": 0, "num_statements": 11, "percent_covered": 0.0, "percent_covered_display": "0", "missing_lines": 11, "excluded_lines": 0}, "missing_lines": [334, 336, 337, 338, 339, 340, 341, 342, 343, 344, 346], "excluded_lines": []}, "AsyncSchedulerClient.delete": {"executed_lines": [], "summary": {"covered_lines": 0, "num_statements": 9, "percent_covered": 0.0, "percent_covered_display": "0", "missing_lines": 9, "excluded_lines": 0}, "missing_lines": [350, 351, 352, 353, 354, 355, 356, 357, 359], "excluded_lines": []}, "AsyncSchedulerClient.pause": {"executed_lines": [], "summary": {"covered_lines": 0, "num_statements": 1, "percent_covered": 0.0, "percent_covered_display": "0", "missing_lines": 1, "excluded_lines": 0}, "missing_lines": [363], "excluded_lines": []}, "AsyncSchedulerClient.resume": {"executed_lines": [], "summary": {"covered_lines": 0, "num_statements": 1, "percent_covered": 0.0, "percent_covered_display": "0", "missing_lines": 1, "excluded_lines": 0}, "missing_lines": [367], "excluded_lines": []}, "AsyncSchedulerClient.trigger": {"executed_lines": [], "summary": {"covered_lines": 0, "num_statements": 10, "percent_covered": 0.0, "percent_covered_display": "0", "missing_lines": 10, "excluded_lines": 0}, "missing_lines": [371, 372, 373, 374, 375, 376, 377, 378, 379, 381], "excluded_lines": []}, "AsyncSchedulerClient.get_executions": {"executed_lines": [], "summary": {"covered_lines": 0, "num_statements": 7, "percent_covered": 0.0, "percent_covered_display": "0", "missing_lines": 7, "excluded_lines": 0}, "missing_lines": [390, 392, 393, 394, 395, 399, 401], "excluded_lines": []}, "": {"executed_lines": [1, 4, 5, 6, 11, 14, 15, 17, 22, 57, 82, 115, 157, 178, 193, 208, 233, 264, 265, 267, 271, 292, 306, 328, 348, 361, 365, 369, 383], "summary": {"covered_lines": 26, "num_statements": 26, "percent_covered": 100.0, "percent_covered_display": "100", "missing_lines": 0, "excluded_lines": 0}, "missing_lines": [], "excluded_lines": []}}, "classes": {"SchedulerClient": {"executed_lines": [18, 20, 42, 49, 50, 51, 52, 53, 55, 70, 71, 72, 73, 74, 75, 76, 77, 80, 101, 102, 103, 104, 105, 107, 108, 109, 110, 111, 113, 137, 138, 140, 142, 143, 145, 146, 147, 148, 149, 155, 167, 168, 169, 170, 171, 172, 173, 176, 191, 206, 221, 222, 223, 224, 225, 231, 250, 252, 253, 254, 255, 259, 261], "summary": {"covered_lines": 63, "num_statements": 75, "percent_covered": 84.0, "percent_covered_display": "84", "missing_lines": 12, "excluded_lines": 0}, "missing_lines": [78, 139, 141, 150, 151, 152, 153, 174, 226, 227, 228, 229], "excluded_lines": []}, "AsyncSchedulerClient": {"executed_lines": [], "summary": {"covered_lines": 0, "num_statements": 69, "percent_covered": 0.0, "percent_covered_display": "0", "missing_lines": 69, "excluded_lines": 0}, "missing_lines": [268, 269, 278, 284, 285, 286, 287, 288, 290, 294, 295, 296, 297, 298, 299, 300, 301, 302, 304, 314, 315, 316, 317, 318, 320, 321, 322, 323, 324, 326, 334, 336, 337, 338, 339, 340, 341, 342, 343, 344, 346, 350, 351, 352, 353, 354, 355, 356, 357, 359, 363, 367, 371, 372, 373, 374, 375, 376, 377, 378, 379, 381, 390, 392, 393, 394, 395, 399, 401], "excluded_lines": []}, "": {"executed_lines": [1, 4, 5, 6, 11, 14, 15, 17, 22, 57, 82, 115, 157, 178, 193, 208, 233, 264, 265, 267, 271, 292, 306, 328, 348, 361, 365, 369, 383], "summary": {"covered_lines": 26, "num_statements": 26, "percent_covered": 100.0, "percent_covered_display": "100", "missing_lines": 0, "excluded_lines": 0}, "missing_lines": [], "excluded_lines": []}}}, "temponest_sdk/webhooks.py": {"executed_lines": [1, 4, 5, 6, 7, 11, 12, 13, 14, 15, 16, 17, 18, 19, 20, 21, 22, 23, 26, 27, 28, 29, 30, 31, 32, 33, 34, 35, 36, 37, 38, 41, 42, 44, 45, 47, 91, 103, 104, 106, 116, 117, 119, 136, 137, 138, 140, 141, 143, 166, 167, 169, 170, 171, 172, 173, 174, 175, 178, 179, 181, 188, 190, 200, 202, 212, 214, 224, 225, 227, 246, 247, 248, 250, 254, 256, 266, 267, 269, 279, 280, 282, 289, 290, 293, 294, 296, 299, 325, 330, 344, 354, 358, 362, 366, 371, 389, 394], "summary": {"covered_lines": 93, "num_statements": 123, "percent_covered": 75.60975609756098, "percent_covered_display": "76", "missing_lines": 30, "excluded_lines": 0}, "missing_lines": [168, 176, 297, 310, 322, 323, 327, 328, 337, 338, 339, 341, 342, 350, 351, 352, 356, 360, 364, 368, 369, 379, 380, 381, 383, 387, 391, 392, 396, 397], "excluded_lines": [], "functions": {"WebhooksClient.__init__": {"executed_lines": [45], "summary": {"covered_lines": 1, "num_statements": 1, "percent_covered": 100.0, "percent_covered_display": "100", "missing_lines": 0, "excluded_lines": 0}, "missing_lines": [], "excluded_lines": []}, "WebhooksClient.create": {"executed_lines": [91, 103, 104], "summary": {"covered_lines": 3, "num_statements": 3, "percent_covered": 100.0, "percent_covered_display": "100", "missing_lines": 0, "excluded_lines": 0}, "missing_lines": [], "excluded_lines": []}, "WebhooksClient.get": {"executed_lines": [116, 117], "summary": {"covered_lines": 2, "num_statements": 2, "percent_covered": 100.0, "percent_covered_display": "100", "missing_lines": 0, "excluded_lines": 0}, "missing_lines": [], "excluded_lines": []}, "WebhooksClient.list": {"executed_lines": [136, 137, 138, 140, 141], "summary": {"covered_lines": 5, "num_statements": 5, "percent_covered": 100.0, "percent_covered_display": "100", "missing_lines": 0, "excluded_lines": 0}, "missing_lines": [], "excluded_lines": []}, "WebhooksClient.update": {"executed_lines": [166, 167, 169, 170, 171, 172, 173, 174, 175, 178, 179], "summary": {"covered_lines": 11, "num_statements": 13, "percent_covered": 84.61538461538461, "percent_covered_display": "85", "missing_lines": 2, "excluded_lines": 0}, "missing_lines": [168, 176], "excluded_lines": []}, "WebhooksClient.delete": {"executed_lines": [188], "summary": {"covered_lines": 1, "num_statements": 1, "percent_covered": 100.0, "percent_covered_display": "100", "missing_lines": 0, "excluded_lines": 0}, "missing_lines": [], "excluded_lines": []}, "WebhooksClient.activate": {"executed_lines": [200], "summary": {"covered_lines": 1, "num_statements": 1, "percent_covered": 100.0, "percent_covered_display": "100", "missing_lines": 0, "excluded_lines": 0}, "missing_lines": [], "excluded_lines": []}, "WebhooksClient.deactivate": {"executed_lines": [212], "summary": {"covered_lines": 1, "num_statements": 1, "percent_covered": 100.0, "percent_covered_display": "100", "missing_lines": 0, "excluded_lines": 0}, "missing_lines": [], "excluded_lines": []}, "WebhooksClient.test": {"executed_lines": [224, 225], "summary": {"covered_lines": 2, "num_statements": 2, "percent_covered": 100.0, "percent_covered_display": "100", "missing_lines": 0, "excluded_lines": 0}, "missing_lines": [], "excluded_lines": []}, "WebhooksClient.get_deliveries": {"executed_lines": [246, 247, 248, 250, 254], "summary": {"covered_lines": 5, "num_statements": 5, "percent_covered": 100.0, "percent_covered_display": "100", "missing_lines": 0, "excluded_lines": 0}, "missing_lines": [], "excluded_lines": []}, "WebhooksClient.get_delivery": {"executed_lines": [266, 267], "summary": {"covered_lines": 2, "num_statements": 2, "percent_covered": 100.0, "percent_covered_display": "100", "missing_lines": 0, "excluded_lines": 0}, "missing_lines": [], "excluded_lines": []}, "WebhooksClient.retry_delivery": {"executed_lines": [279, 280], "summary": {"covered_lines": 2, "num_statements": 2, "percent_covered": 100.0, "percent_covered_display": "100", "missing_lines": 0, "excluded_lines": 0}, "missing_lines": [], "excluded_lines": []}, "WebhooksClient.get_events": {"executed_lines": [289, 290], "summary": {"covered_lines": 2, "num_statements": 2, "percent_covered": 100.0, "percent_covered_display": "100", "missing_lines": 0, "excluded_lines": 0}, "missing_lines": [], "excluded_lines": []}, "AsyncWebhooksClient.__init__": {"executed_lines": [], "summary": {"covered_lines": 0, "num_statements": 1, "percent_covered": 0.0, "percent_covered_display": "0", "missing_lines": 1, "excluded_lines": 0}, "missing_lines": [297], "excluded_lines": []}, "AsyncWebhooksClient.create": {"executed_lines": [], "summary": {"covered_lines": 0, "num_statements": 3, "percent_covered": 0.0, "percent_covered_display": "0", "missing_lines": 3, "excluded_lines": 0}, "missing_lines": [310, 322, 323], "excluded_lines": []}, "AsyncWebhooksClient.get": {"executed_lines": [], "summary": {"covered_lines": 0, "num_statements": 2, "percent_covered": 0.0, "percent_covered_display": "0", "missing_lines": 2, "excluded_lines": 0}, "missing_lines": [327, 328], "excluded_lines": []}, "AsyncWebhooksClient.list": {"executed_lines": [], "summary": {"covered_lines": 0, "num_statements": 5, "percent_covered": 0.0, "percent_covered_display": "0", "missing_lines": 5, "excluded_lines": 0}, "missing_lines": [337, 338, 339, 341, 342], "excluded_lines": []}, "AsyncWebhooksClient.update": {"executed_lines": [], "summary": {"covered_lines": 0, "num_statements": 3, "percent_covered": 0.0, "percent_covered_display": "0", "missing_lines": 3, "excluded_lines": 0}, "missing_lines": [350, 351, 352], "excluded_lines": []}, "AsyncWebhooksClient.delete": {"executed_lines": [], "summary": {"covered_lines": 0, "num_statements": 1, "percent_covered": 0.0, "percent_covered_display": "0", "missing_lines": 1, "excluded_lines": 0}, "missing_lines": [356], "excluded_lines": []}, "AsyncWebhooksClient.activate": {"executed_lines": [], "summary": {"covered_lines": 0, "num_statements": 1, "percent_covered": 0.0, "percent_covered_display": "0", "missing_lines": 1, "excluded_lines": 0}, "missing_lines": [360], "excluded_lines": []}, "AsyncWebhooksClient.deactivate": {"executed_lines": [], "summary": {"covered_lines": 0, "num_statements": 1, "percent_covered": 0.0, "percent_covered_display": "0", "missing_lines": 1, "excluded_lines": 0}, "missing_lines": [364], "excluded_lines": []}, "AsyncWebhooksClient.test": {"executed_lines": [], "summary": {"covered_lines": 0, "num_statements": 2, "percent_covered": 0.0, "percent_covered_display": "0", "missing_lines": 2, "excluded_lines": 0}, "missing_lines": [368, 369], "excluded_lines": []}, "AsyncWebhooksClient.get_deliveries": {"executed_lines": [], "summary": {"covered_lines": 0, "num_statements": 5, "percent_covered": 0.0, "percent_covered_display": "0", "missing_lines": 5, "excluded_lines": 0}, "missing_lines": [379, 380, 381, 383, 387], "excluded_lines": []}, "AsyncWebhooksClient.retry_delivery": {"executed_lines": [], "summary": {"covered_lines": 0, "num_statements": 2, "percent_covered": 0.0, "percent_covered_display": "0", "missing_lines": 2, "excluded_lines": 0}, "missing_lines": [391, 392], "excluded_lines": []}, "AsyncWebhooksClient.get_events": {"executed_lines": [], "summary": {"covered_lines": 0, "num_statements": 2, "percent_covered": 0.0, "percent_covered_display": "0", "missing_lines": 2, "excluded_lines": 0}, "missing_lines": [396, 397], "excluded_lines": []}, "": {"executed_lines": [1, 4, 5, 6, 7, 11, 12, 13, 14, 15, 16, 17, 18, 19, 20, 21, 22, 23, 26, 27, 28, 29, 30, 31, 32, 33, 34, 35, 36, 37, 38, 41, 42, 44, 47, 106, 119, 143, 181, 190, 202, 214, 227, 256, 269, 282, 293, 294, 296, 299, 325, 330, 344, 354, 358, 362, 366, 371, 389, 394], "summary": {"covered_lines": 55, "num_statements": 55, "percent_covered": 100.0, "percent_covered_display": "100", "missing_lines": 0, "excluded_lines": 0}, "missing_lines": [], "excluded_lines": []}}, "classes": {"Webhook": {"executed_lines": [], "summary": {"covered_lines": 0, "num_statements": 0, "percent_covered": 100.0, "percent_covered_display": "100", "missing_lines": 0, "excluded_lines": 0}, "missing_lines": [], "excluded_lines": []}, "WebhookDelivery": {"executed_lines": [], "summary": {"covered_lines": 0, "num_statements": 0, "percent_covered": 100.0, "percent_covered_display": "100", "missing_lines": 0, "excluded_lines": 0}, "missing_lines": [], "excluded_lines": []}, "WebhooksClient": {"executed_lines": [45, 91, 103, 104, 116, 117, 136, 137, 138, 140, 141, 166, 167, 169, 170, 171, 172, 173, 174, 175, 178, 179, 188, 200, 212, 224, 225, 246, 247, 248, 250, 254, 266, 267, 279, 280, 289, 290], "summary": {"covered_lines": 38, "num_statements": 40, "percent_covered": 95.0, "percent_covered_display": "95", "missing_lines": 2, "excluded_lines": 0}, "missing_lines": [168, 176], "excluded_lines": []}, "AsyncWebhooksClient": {"executed_lines": [], "summary": {"covered_lines": 0, "num_statements": 28, "percent_covered": 0.0, "percent_covered_display": "0", "missing_lines": 28, "excluded_lines": 0}, "missing_lines": [297, 310, 322, 323, 327, 328, 337, 338, 339, 341, 342, 350, 351, 352, 356, 360, 364, 368, 369, 379, 380, 381, 383, 387, 391, 392, 396, 397], "excluded_lines": []}, "": {"executed_lines": [1, 4, 5, 6, 7, 11, 12, 13, 14, 15, 16, 17, 18, 19, 20, 21, 22, 23, 26, 27, 28, 29, 30, 31, 32, 33, 34, 35, 36, 37, 38, 41, 42, 44, 47, 106, 119, 143, 181, 190, 202, 214, 227, 256, 269, 282, 293, 294, 296, 299, 325, 330, 344, 354, 358, 362, 366, 371, 389, 394], "summary": {"covered_lines": 55, "num_statements": 55, "percent_covered": 100.0, "percent_covered_display": "100", "missing_lines": 0, "excluded_lines": 0}, "missing_lines": [], "excluded_lines": []}}}}, "totals": {"covered_lines": 835, "num_statements": 1183, "percent_covered": 70.5832628909552, "percent_covered_display": "71", "missing_lines": 348, "excluded_lines": 0}}