{"meta": {"format": 3, "version": "7.10.7", "timestamp": "2025-11-10T15:26:39.578203", "branch_coverage": false, "show_contexts": false}, "files": {"app/__init__.py": {"executed_lines": [], "summary": {"covered_lines": 0, "num_statements": 0, "percent_covered": 100.0, "percent_covered_display": "100", "missing_lines": 0, "excluded_lines": 0}, "missing_lines": [], "excluded_lines": [], "functions": {"": {"executed_lines": [], "summary": {"covered_lines": 0, "num_statements": 0, "percent_covered": 100.0, "percent_covered_display": "100", "missing_lines": 0, "excluded_lines": 0}, "missing_lines": [], "excluded_lines": []}}, "classes": {"": {"executed_lines": [], "summary": {"covered_lines": 0, "num_statements": 0, "percent_covered": 100.0, "percent_covered_display": "100", "missing_lines": 0, "excluded_lines": 0}, "missing_lines": [], "excluded_lines": []}}}, "app/db.py": {"executed_lines": [1, 4, 5, 6, 7, 8, 9, 12, 13, 15, 16, 18, 28, 34, 53, 62, 86, 98, 120, 138, 149, 151, 152, 158, 160, 168, 170, 172, 173, 174, 176, 181, 184, 185, 188, 195, 196, 198, 200, 223, 225, 226, 244, 251, 255, 256, 257, 259, 260, 261, 262, 263, 265, 268, 269, 272, 274, 275, 281, 283, 285, 286, 291, 293], "summary": {"covered_lines": 62, "num_statements": 95, "percent_covered": 65.26315789473684, "percent_covered_display": "65", "missing_lines": 33, "excluded_lines": 0}, "missing_lines": [20, 26, 30, 31, 32, 36, 37, 51, 55, 56, 73, 74, 84, 88, 89, 107, 108, 127, 128, 140, 141, 147, 177, 178, 179, 242, 252, 266, 301, 303, 305, 312, 320], "excluded_lines": [], "functions": {"DatabaseManager.__init__": {"executed_lines": [16], "summary": {"covered_lines": 1, "num_statements": 1, "percent_covered": 100.0, "percent_covered_display": "100", "missing_lines": 0, "excluded_lines": 0}, "missing_lines": [], "excluded_lines": []}, "DatabaseManager.connect": {"executed_lines": [], "summary": {"covered_lines": 0, "num_statements": 2, "percent_covered": 0.0, "percent_covered_display": "0", "missing_lines": 2, "excluded_lines": 0}, "missing_lines": [20, 26], "excluded_lines": []}, "DatabaseManager.disconnect": {"executed_lines": [], "summary": {"covered_lines": 0, "num_statements": 3, "percent_covered": 0.0, "percent_covered_display": "0", "missing_lines": 3, "excluded_lines": 0}, "missing_lines": [30, 31, 32], "excluded_lines": []}, "DatabaseManager.get_scheduled_tasks_to_execute": {"executed_lines": [], "summary": {"covered_lines": 0, "num_statements": 3, "percent_covered": 0.0, "percent_covered_display": "0", "missing_lines": 3, "excluded_lines": 0}, "missing_lines": [36, 37, 51], "excluded_lines": []}, "DatabaseManager.update_next_execution_time": {"executed_lines": [], "summary": {"covered_lines": 0, "num_statements": 2, "percent_covered": 0.0, "percent_covered_display": "0", "missing_lines": 2, "excluded_lines": 0}, "missing_lines": [55, 56], "excluded_lines": []}, "DatabaseManager.create_task_execution": {"executed_lines": [], "summary": {"covered_lines": 0, "num_statements": 3, "percent_covered": 0.0, "percent_covered_display": "0", "missing_lines": 3, "excluded_lines": 0}, "missing_lines": [73, 74, 84], "excluded_lines": []}, "DatabaseManager.update_task_execution_started": {"executed_lines": [], "summary": {"covered_lines": 0, "num_statements": 2, "percent_covered": 0.0, "percent_covered_display": "0", "missing_lines": 2, "excluded_lines": 0}, "missing_lines": [88, 89], "excluded_lines": []}, "DatabaseManager.update_task_execution_completed": {"executed_lines": [], "summary": {"covered_lines": 0, "num_statements": 2, "percent_covered": 0.0, "percent_covered_display": "0", "missing_lines": 2, "excluded_lines": 0}, "missing_lines": [107, 108], "excluded_lines": []}, "DatabaseManager.update_task_execution_failed": {"executed_lines": [], "summary": {"covered_lines": 0, "num_statements": 2, "percent_covered": 0.0, "percent_covered_display": "0", "missing_lines": 2, "excluded_lines": 0}, "missing_lines": [127, 128], "excluded_lines": []}, "DatabaseManager.get_task_execution_count": {"executed_lines": [], "summary": {"covered_lines": 0, "num_statements": 3, "percent_covered": 0.0, "percent_covered_display": "0", "missing_lines": 3, "excluded_lines": 0}, "missing_lines": [140, 141, 147], "excluded_lines": []}, "DatabaseManager.get_scheduled_task": {"executed_lines": [151, 152, 158], "summary": {"covered_lines": 3, "num_statements": 3, "percent_covered": 100.0, "percent_covered_display": "100", "missing_lines": 0, "excluded_lines": 0}, "missing_lines": [], "excluded_lines": []}, "DatabaseManager.list_scheduled_tasks": {"executed_lines": [168, 170, 172, 173, 174, 176, 181, 184, 185, 188, 195, 196, 198], "summary": {"covered_lines": 13, "num_statements": 16, "percent_covered": 81.25, "percent_covered_display": "81", "missing_lines": 3, "excluded_lines": 0}, "missing_lines": [177, 178, 179], "excluded_lines": []}, "DatabaseManager.create_scheduled_task": {"executed_lines": [223, 225, 226], "summary": {"covered_lines": 3, "num_statements": 4, "percent_covered": 75.0, "percent_covered_display": "75", "missing_lines": 1, "excluded_lines": 0}, "missing_lines": [242], "excluded_lines": []}, "DatabaseManager.update_scheduled_task": {"executed_lines": [251, 255, 256, 257, 259, 260, 261, 262, 263, 265, 268, 269, 272, 274, 275, 281], "summary": {"covered_lines": 16, "num_statements": 18, "percent_covered": 88.88888888888889, "percent_covered_display": "89", "missing_lines": 2, "excluded_lines": 0}, "missing_lines": [252, 266], "excluded_lines": []}, "DatabaseManager.delete_scheduled_task": {"executed_lines": [285, 286, 291], "summary": {"covered_lines": 3, "num_statements": 3, "percent_covered": 100.0, "percent_covered_display": "100", "missing_lines": 0, "excluded_lines": 0}, "missing_lines": [], "excluded_lines": []}, "DatabaseManager.list_task_executions": {"executed_lines": [], "summary": {"covered_lines": 0, "num_statements": 5, "percent_covered": 0.0, "percent_covered_display": "0", "missing_lines": 5, "excluded_lines": 0}, "missing_lines": [301, 303, 305, 312, 320], "excluded_lines": []}, "": {"executed_lines": [1, 4, 5, 6, 7, 8, 9, 12, 13, 15, 18, 28, 34, 53, 62, 86, 98, 120, 138, 149, 160, 200, 244, 283, 293], "summary": {"covered_lines": 23, "num_statements": 23, "percent_covered": 100.0, "percent_covered_display": "100", "missing_lines": 0, "excluded_lines": 0}, "missing_lines": [], "excluded_lines": []}}, "classes": {"DatabaseManager": {"executed_lines": [16, 151, 152, 158, 168, 170, 172, 173, 174, 176, 181, 184, 185, 188, 195, 196, 198, 223, 225, 226, 251, 255, 256, 257, 259, 260, 261, 262, 263, 265, 268, 269, 272, 274, 275, 281, 285, 286, 291], "summary": {"covered_lines": 39, "num_statements": 72, "percent_covered": 54.166666666666664, "percent_covered_display": "54", "missing_lines": 33, "excluded_lines": 0}, "missing_lines": [20, 26, 30, 31, 32, 36, 37, 51, 55, 56, 73, 74, 84, 88, 89, 107, 108, 127, 128, 140, 141, 147, 177, 178, 179, 242, 252, 266, 301, 303, 305, 312, 320], "excluded_lines": []}, "": {"executed_lines": [1, 4, 5, 6, 7, 8, 9, 12, 13, 15, 18, 28, 34, 53, 62, 86, 98, 120, 138, 149, 160, 200, 244, 283, 293], "summary": {"covered_lines": 23, "num_statements": 23, "percent_covered": 100.0, "percent_covered_display": "100", "missing_lines": 0, "excluded_lines": 0}, "missing_lines": [], "excluded_lines": []}}}, "app/main.py": {"executed_lines": [1, 5, 6, 7, 9, 10, 11, 13, 14, 15, 16, 17, 21, 22, 25, 26, 60, 68, 78, 79, 81, 82, 89, 92, 93, 96, 103, 104, 108, 109, 155, 156, 165], "summary": {"covered_lines": 32, "num_statements": 70, "percent_covered": 45.714285714285715, "percent_covered_display": "46", "missing_lines": 38, "excluded_lines": 0}, "missing_lines": [31, 34, 35, 38, 39, 41, 43, 46, 49, 50, 53, 54, 56, 113, 114, 115, 116, 117, 118, 119, 120, 123, 124, 127, 128, 129, 130, 134, 135, 136, 139, 142, 143, 144, 146, 158, 166, 167], "excluded_lines": [], "functions": {"lifespan": {"executed_lines": [], "summary": {"covered_lines": 0, "num_statements": 13, "percent_covered": 0.0, "percent_covered_display": "0", "missing_lines": 13, "excluded_lines": 0}, "missing_lines": [31, 34, 35, 38, 39, 41, 43, 46, 49, 50, 53, 54, 56], "excluded_lines": []}, "global_exception_handler": {"executed_lines": [81, 82], "summary": {"covered_lines": 2, "num_statements": 2, "percent_covered": 100.0, "percent_covered_display": "100", "missing_lines": 0, "excluded_lines": 0}, "missing_lines": [], "excluded_lines": []}, "health_check": {"executed_lines": [], "summary": {"covered_lines": 0, "num_statements": 22, "percent_covered": 0.0, "percent_covered_display": "0", "missing_lines": 22, "excluded_lines": 0}, "missing_lines": [113, 114, 115, 116, 117, 118, 119, 120, 123, 124, 127, 128, 129, 130, 134, 135, 136, 139, 142, 143, 144, 146], "excluded_lines": []}, "root": {"executed_lines": [], "summary": {"covered_lines": 0, "num_statements": 1, "percent_covered": 0.0, "percent_covered_display": "0", "missing_lines": 1, "excluded_lines": 0}, "missing_lines": [158], "excluded_lines": []}, "": {"executed_lines": [1, 5, 6, 7, 9, 10, 11, 13, 14, 15, 16, 17, 21, 22, 25, 26, 60, 68, 78, 79, 89, 92, 93, 96, 103, 104, 108, 109, 155, 156, 165], "summary": {"covered_lines": 30, "num_statements": 32, "percent_covered": 93.75, "percent_covered_display": "94", "missing_lines": 2, "excluded_lines": 0}, "missing_lines": [166, 167], "excluded_lines": []}}, "classes": {"": {"executed_lines": [1, 5, 6, 7, 9, 10, 11, 13, 14, 15, 16, 17, 21, 22, 25, 26, 60, 68, 78, 79, 81, 82, 89, 92, 93, 96, 103, 104, 108, 109, 155, 156, 165], "summary": {"covered_lines": 32, "num_statements": 70, "percent_covered": 45.714285714285715, "percent_covered_display": "46", "missing_lines": 38, "excluded_lines": 0}, "missing_lines": [31, 34, 35, 38, 39, 41, 43, 46, 49, 50, 53, 54, 56, 113, 114, 115, 116, 117, 118, 119, 120, 123, 124, 127, 128, 129, 130, 134, 135, 136, 139, 142, 143, 144, 146, 158, 166, 167], "excluded_lines": []}}}, "app/metrics.py": {"executed_lines": [1, 5, 13, 20, 28, 35, 41, 52, 58, 64, 74, 81, 93, 104, 111, 119, 129, 136, 143, 155, 166, 176, 177, 179, 180, 208, 209, 226, 227, 234, 235, 239, 240, 244, 245, 249, 250, 254, 255], "summary": {"covered_lines": 37, "num_statements": 49, "percent_covered": 75.51020408163265, "percent_covered_display": "76", "missing_lines": 12, "excluded_lines": 0}, "missing_lines": [189, 196, 201, 202, 216, 222, 229, 237, 242, 247, 252, 257], "excluded_lines": [], "functions": {"MetricsRecorder.record_task_execution": {"executed_lines": [], "summary": {"covered_lines": 0, "num_statements": 4, "percent_covered": 0.0, "percent_covered_display": "0", "missing_lines": 4, "excluded_lines": 0}, "missing_lines": [189, 196, 201, 202], "excluded_lines": []}, "MetricsRecorder.record_agent_service_call": {"executed_lines": [], "summary": {"covered_lines": 0, "num_statements": 2, "percent_covered": 0.0, "percent_covered_display": "0", "missing_lines": 2, "excluded_lines": 0}, "missing_lines": [216, 222], "excluded_lines": []}, "MetricsRecorder.record_task_operation": {"executed_lines": [], "summary": {"covered_lines": 0, "num_statements": 1, "percent_covered": 0.0, "percent_covered_display": "0", "missing_lines": 1, "excluded_lines": 0}, "missing_lines": [229], "excluded_lines": []}, "MetricsRecorder.update_scheduler_health": {"executed_lines": [], "summary": {"covered_lines": 0, "num_statements": 1, "percent_covered": 0.0, "percent_covered_display": "0", "missing_lines": 1, "excluded_lines": 0}, "missing_lines": [237], "excluded_lines": []}, "MetricsRecorder.update_active_jobs": {"executed_lines": [], "summary": {"covered_lines": 0, "num_statements": 1, "percent_covered": 0.0, "percent_covered_display": "0", "missing_lines": 1, "excluded_lines": 0}, "missing_lines": [242], "excluded_lines": []}, "MetricsRecorder.update_running_executions": {"executed_lines": [], "summary": {"covered_lines": 0, "num_statements": 1, "percent_covered": 0.0, "percent_covered_display": "0", "missing_lines": 1, "excluded_lines": 0}, "missing_lines": [247], "excluded_lines": []}, "MetricsRecorder.update_agent_service_health": {"executed_lines": [], "summary": {"covered_lines": 0, "num_statements": 1, "percent_covered": 0.0, "percent_covered_display": "0", "missing_lines": 1, "excluded_lines": 0}, "missing_lines": [252], "excluded_lines": []}, "MetricsRecorder.record_error": {"executed_lines": [], "summary": {"covered_lines": 0, "num_statements": 1, "percent_covered": 0.0, "percent_covered_display": "0", "missing_lines": 1, "excluded_lines": 0}, "missing_lines": [257], "excluded_lines": []}, "": {"executed_lines": [1, 5, 13, 20, 28, 35, 41, 52, 58, 64, 74, 81, 93, 104, 111, 119, 129, 136, 143, 155, 166, 176, 177, 179, 180, 208, 209, 226, 227, 234, 235, 239, 240, 244, 245, 249, 250, 254, 255], "summary": {"covered_lines": 37, "num_statements": 37, "percent_covered": 100.0, "percent_covered_display": "100", "missing_lines": 0, "excluded_lines": 0}, "missing_lines": [], "excluded_lines": []}}, "classes": {"MetricsRecorder": {"executed_lines": [], "summary": {"covered_lines": 0, "num_statements": 12, "percent_covered": 0.0, "percent_covered_display": "0", "missing_lines": 12, "excluded_lines": 0}, "missing_lines": [189, 196, 201, 202, 216, 222, 229, 237, 242, 247, 252, 257], "excluded_lines": []}, "": {"executed_lines": [1, 5, 13, 20, 28, 35, 41, 52, 58, 64, 74, 81, 93, 104, 111, 119, 129, 136, 143, 155, 166, 176, 177, 179, 180, 208, 209, 226, 227, 234, 235, 239, 240, 244, 245, 249, 250, 254, 255], "summary": {"covered_lines": 37, "num_statements": 37, "percent_covered": 100.0, "percent_covered_display": "100", "missing_lines": 0, "excluded_lines": 0}, "missing_lines": [], "excluded_lines": []}}}, "app/models.py": {"executed_lines": [1, 4, 5, 6, 7, 8, 11, 12, 13, 14, 15, 18, 19, 20, 21, 22, 23, 24, 25, 28, 29, 30, 31, 34, 35, 36, 37, 38, 41, 42, 45, 46, 49, 50, 51, 54, 55, 58, 59, 60, 61, 62, 63, 64, 65, 66, 67, 68, 69, 70, 71, 74, 75, 76, 77, 78, 79, 80, 81, 82, 83, 84, 85, 86, 87, 88, 89, 90, 91, 92, 93, 94, 95, 96, 97, 98, 99, 100, 101, 104, 105, 106, 107, 108, 109, 110, 111, 112, 113, 114, 115, 116, 117, 118, 119, 120, 121, 122, 123, 126, 127, 128, 129, 130, 131, 134, 135, 136, 137, 138, 139, 142, 143, 144, 145, 146, 147, 148], "summary": {"covered_lines": 108, "num_statements": 108, "percent_covered": 100.0, "percent_covered_display": "100", "missing_lines": 0, "excluded_lines": 0}, "missing_lines": [], "excluded_lines": [], "functions": {"": {"executed_lines": [1, 4, 5, 6, 7, 8, 11, 12, 13, 14, 15, 18, 19, 20, 21, 22, 23, 24, 25, 28, 29, 30, 31, 34, 35, 36, 37, 38, 41, 42, 45, 46, 49, 50, 51, 54, 55, 58, 59, 60, 61, 62, 63, 64, 65, 66, 67, 68, 69, 70, 71, 74, 75, 76, 77, 78, 79, 80, 81, 82, 83, 84, 85, 86, 87, 88, 89, 90, 91, 92, 93, 94, 95, 96, 97, 98, 99, 100, 101, 104, 105, 106, 107, 108, 109, 110, 111, 112, 113, 114, 115, 116, 117, 118, 119, 120, 121, 122, 123, 126, 127, 128, 129, 130, 131, 134, 135, 136, 137, 138, 139, 142, 143, 144, 145, 146, 147, 148], "summary": {"covered_lines": 108, "num_statements": 108, "percent_covered": 100.0, "percent_covered_display": "100", "missing_lines": 0, "excluded_lines": 0}, "missing_lines": [], "excluded_lines": []}}, "classes": {"ScheduleType": {"executed_lines": [], "summary": {"covered_lines": 0, "num_statements": 0, "percent_covered": 100.0, "percent_covered_display": "100", "missing_lines": 0, "excluded_lines": 0}, "missing_lines": [], "excluded_lines": []}, "ExecutionStatus": {"executed_lines": [], "summary": {"covered_lines": 0, "num_statements": 0, "percent_covered": 100.0, "percent_covered_display": "100", "missing_lines": 0, "excluded_lines": 0}, "missing_lines": [], "excluded_lines": []}, "CreateScheduledTaskRequest": {"executed_lines": [], "summary": {"covered_lines": 0, "num_statements": 0, "percent_covered": 100.0, "percent_covered_display": "100", "missing_lines": 0, "excluded_lines": 0}, "missing_lines": [], "excluded_lines": []}, "UpdateScheduledTaskRequest": {"executed_lines": [], "summary": {"covered_lines": 0, "num_statements": 0, "percent_covered": 100.0, "percent_covered_display": "100", "missing_lines": 0, "excluded_lines": 0}, "missing_lines": [], "excluded_lines": []}, "ScheduledTaskResponse": {"executed_lines": [], "summary": {"covered_lines": 0, "num_statements": 0, "percent_covered": 100.0, "percent_covered_display": "100", "missing_lines": 0, "excluded_lines": 0}, "missing_lines": [], "excluded_lines": []}, "TaskExecutionResponse": {"executed_lines": [], "summary": {"covered_lines": 0, "num_statements": 0, "percent_covered": 100.0, "percent_covered_display": "100", "missing_lines": 0, "excluded_lines": 0}, "missing_lines": [], "excluded_lines": []}, "TaskExecutionListResponse": {"executed_lines": [], "summary": {"covered_lines": 0, "num_statements": 0, "percent_covered": 100.0, "percent_covered_display": "100", "missing_lines": 0, "excluded_lines": 0}, "missing_lines": [], "excluded_lines": []}, "ScheduledTaskListResponse": {"executed_lines": [], "summary": {"covered_lines": 0, "num_statements": 0, "percent_covered": 100.0, "percent_covered_display": "100", "missing_lines": 0, "excluded_lines": 0}, "missing_lines": [], "excluded_lines": []}, "SchedulerHealthResponse": {"executed_lines": [], "summary": {"covered_lines": 0, "num_statements": 0, "percent_covered": 100.0, "percent_covered_display": "100", "missing_lines": 0, "excluded_lines": 0}, "missing_lines": [], "excluded_lines": []}, "": {"executed_lines": [1, 4, 5, 6, 7, 8, 11, 12, 13, 14, 15, 18, 19, 20, 21, 22, 23, 24, 25, 28, 29, 30, 31, 34, 35, 36, 37, 38, 41, 42, 45, 46, 49, 50, 51, 54, 55, 58, 59, 60, 61, 62, 63, 64, 65, 66, 67, 68, 69, 70, 71, 74, 75, 76, 77, 78, 79, 80, 81, 82, 83, 84, 85, 86, 87, 88, 89, 90, 91, 92, 93, 94, 95, 96, 97, 98, 99, 100, 101, 104, 105, 106, 107, 108, 109, 110, 111, 112, 113, 114, 115, 116, 117, 118, 119, 120, 121, 122, 123, 126, 127, 128, 129, 130, 131, 134, 135, 136, 137, 138, 139, 142, 143, 144, 145, 146, 147, 148], "summary": {"covered_lines": 108, "num_statements": 108, "percent_covered": 100.0, "percent_covered_display": "100", "missing_lines": 0, "excluded_lines": 0}, "missing_lines": [], "excluded_lines": []}}}, "app/routers/__init__.py": {"executed_lines": [1], "summary": {"covered_lines": 0, "num_statements": 0, "percent_covered": 100.0, "percent_covered_display": "100", "missing_lines": 0, "excluded_lines": 0}, "missing_lines": [], "excluded_lines": [], "functions": {"": {"executed_lines": [], "summary": {"covered_lines": 0, "num_statements": 0, "percent_covered": 100.0, "percent_covered_display": "100", "missing_lines": 0, "excluded_lines": 0}, "missing_lines": [], "excluded_lines": []}}, "classes": {"": {"executed_lines": [], "summary": {"covered_lines": 0, "num_statements": 0, "percent_covered": 100.0, "percent_covered_display": "100", "missing_lines": 0, "excluded_lines": 0}, "missing_lines": [], "excluded_lines": []}}}, "app/routers/schedules.py": {"executed_lines": [1, 4, 5, 6, 8, 16, 17, 20, 24, 30, 36, 43, 50, 51, 61, 62, 64, 65, 67, 68, 71, 100, 101, 110, 117, 125, 126, 133, 134, 135, 140, 141, 150, 151, 152, 167, 168, 175, 176, 177, 180, 181, 188, 189, 190, 195, 196, 203, 204, 205, 213, 214, 221, 222, 223, 231, 232, 242, 243, 244], "summary": {"covered_lines": 59, "num_statements": 85, "percent_covered": 69.41176470588235, "percent_covered_display": "69", "missing_lines": 26, "excluded_lines": 0}, "missing_lines": [26, 27, 32, 33, 40, 47, 93, 94, 95, 97, 137, 155, 158, 159, 160, 163, 164, 192, 207, 209, 210, 225, 227, 228, 246, 253], "excluded_lines": [], "functions": {"get_db_manager": {"executed_lines": [], "summary": {"covered_lines": 0, "num_statements": 2, "percent_covered": 0.0, "percent_covered_display": "0", "missing_lines": 2, "excluded_lines": 0}, "missing_lines": [26, 27], "excluded_lines": []}, "get_scheduler": {"executed_lines": [], "summary": {"covered_lines": 0, "num_statements": 2, "percent_covered": 0.0, "percent_covered_display": "0", "missing_lines": 2, "excluded_lines": 0}, "missing_lines": [32, 33], "excluded_lines": []}, "get_current_tenant_id": {"executed_lines": [], "summary": {"covered_lines": 0, "num_statements": 1, "percent_covered": 0.0, "percent_covered_display": "0", "missing_lines": 1, "excluded_lines": 0}, "missing_lines": [40], "excluded_lines": []}, "get_current_user_id": {"executed_lines": [], "summary": {"covered_lines": 0, "num_statements": 1, "percent_covered": 0.0, "percent_covered_display": "0", "missing_lines": 1, "excluded_lines": 0}, "missing_lines": [47], "excluded_lines": []}, "create_scheduled_task": {"executed_lines": [61, 62, 64, 65, 67, 68, 71], "summary": {"covered_lines": 7, "num_statements": 11, "percent_covered": 63.63636363636363, "percent_covered_display": "64", "missing_lines": 4, "excluded_lines": 0}, "missing_lines": [93, 94, 95, 97], "excluded_lines": []}, "list_scheduled_tasks": {"executed_lines": [110, 117], "summary": {"covered_lines": 2, "num_statements": 2, "percent_covered": 100.0, "percent_covered_display": "100", "missing_lines": 0, "excluded_lines": 0}, "missing_lines": [], "excluded_lines": []}, "get_scheduled_task": {"executed_lines": [133, 134, 135], "summary": {"covered_lines": 3, "num_statements": 4, "percent_covered": 75.0, "percent_covered_display": "75", "missing_lines": 1, "excluded_lines": 0}, "missing_lines": [137], "excluded_lines": []}, "update_scheduled_task": {"executed_lines": [150, 151, 152], "summary": {"covered_lines": 3, "num_statements": 9, "percent_covered": 33.333333333333336, "percent_covered_display": "33", "missing_lines": 6, "excluded_lines": 0}, "missing_lines": [155, 158, 159, 160, 163, 164], "excluded_lines": []}, "delete_scheduled_task": {"executed_lines": [175, 176, 177], "summary": {"covered_lines": 3, "num_statements": 3, "percent_covered": 100.0, "percent_covered_display": "100", "missing_lines": 0, "excluded_lines": 0}, "missing_lines": [], "excluded_lines": []}, "trigger_scheduled_task": {"executed_lines": [188, 189, 190], "summary": {"covered_lines": 3, "num_statements": 4, "percent_covered": 75.0, "percent_covered_display": "75", "missing_lines": 1, "excluded_lines": 0}, "missing_lines": [192], "excluded_lines": []}, "pause_scheduled_task": {"executed_lines": [203, 204, 205], "summary": {"covered_lines": 3, "num_statements": 6, "percent_covered": 50.0, "percent_covered_display": "50", "missing_lines": 3, "excluded_lines": 0}, "missing_lines": [207, 209, 210], "excluded_lines": []}, "resume_scheduled_task": {"executed_lines": [221, 222, 223], "summary": {"covered_lines": 3, "num_statements": 6, "percent_covered": 50.0, "percent_covered_display": "50", "missing_lines": 3, "excluded_lines": 0}, "missing_lines": [225, 227, 228], "excluded_lines": []}, "list_task_executions": {"executed_lines": [242, 243, 244], "summary": {"covered_lines": 3, "num_statements": 5, "percent_covered": 60.0, "percent_covered_display": "60", "missing_lines": 2, "excluded_lines": 0}, "missing_lines": [246, 253], "excluded_lines": []}, "": {"executed_lines": [1, 4, 5, 6, 8, 16, 17, 20, 24, 30, 36, 43, 50, 51, 100, 101, 125, 126, 140, 141, 167, 168, 180, 181, 195, 196, 213, 214, 231, 232], "summary": {"covered_lines": 29, "num_statements": 29, "percent_covered": 100.0, "percent_covered_display": "100", "missing_lines": 0, "excluded_lines": 0}, "missing_lines": [], "excluded_lines": []}}, "classes": {"": {"executed_lines": [1, 4, 5, 6, 8, 16, 17, 20, 24, 30, 36, 43, 50, 51, 61, 62, 64, 65, 67, 68, 71, 100, 101, 110, 117, 125, 126, 133, 134, 135, 140, 141, 150, 151, 152, 167, 168, 175, 176, 177, 180, 181, 188, 189, 190, 195, 196, 203, 204, 205, 213, 214, 221, 222, 223, 231, 232, 242, 243, 244], "summary": {"covered_lines": 59, "num_statements": 85, "percent_covered": 69.41176470588235, "percent_covered_display": "69", "missing_lines": 26, "excluded_lines": 0}, "missing_lines": [26, 27, 32, 33, 40, 47, 93, 94, 95, 97, 137, 155, 158, 159, 160, 163, 164, 192, 207, 209, 210, 225, 227, 228, 246, 253], "excluded_lines": []}}}, "app/scheduler.py": {"executed_lines": [1, 5, 6, 7, 8, 9, 10, 11, 12, 14, 15, 17, 18, 21, 22, 24, 25, 26, 27, 28, 30, 33, 39, 48, 49, 51, 53, 54, 55, 58, 61, 62, 64, 66, 68, 70, 72, 97, 183, 196, 206, 211, 212, 219, 220, 222, 223, 227, 228, 232, 233, 238, 240, 241, 242, 243, 245, 246, 247, 248, 250, 251, 252, 254, 255, 256, 257, 259, 260, 261, 262, 264, 266, 268, 270, 272, 274, 276, 278, 279, 280], "summary": {"covered_lines": 79, "num_statements": 128, "percent_covered": 61.71875, "percent_covered_display": "62", "missing_lines": 49, "excluded_lines": 0}, "missing_lines": [59, 74, 76, 80, 82, 83, 84, 87, 88, 89, 92, 94, 95, 99, 100, 101, 103, 105, 106, 108, 110, 112, 123, 134, 140, 141, 143, 151, 154, 155, 161, 163, 164, 166, 167, 175, 176, 177, 178, 179, 180, 181, 283, 284, 287, 288, 290, 291, 292], "excluded_lines": [], "functions": {"TaskScheduler.__init__": {"executed_lines": [25, 26, 27, 28], "summary": {"covered_lines": 4, "num_statements": 4, "percent_covered": 100.0, "percent_covered_display": "100", "missing_lines": 0, "excluded_lines": 0}, "missing_lines": [], "excluded_lines": []}, "TaskScheduler.start": {"executed_lines": [33, 39, 48, 49], "summary": {"covered_lines": 4, "num_statements": 4, "percent_covered": 100.0, "percent_covered_display": "100", "missing_lines": 0, "excluded_lines": 0}, "missing_lines": [], "excluded_lines": []}, "TaskScheduler.stop": {"executed_lines": [53, 54, 55, 58, 61, 62], "summary": {"covered_lines": 6, "num_statements": 7, "percent_covered": 85.71428571428571, "percent_covered_display": "86", "missing_lines": 1, "excluded_lines": 0}, "missing_lines": [59], "excluded_lines": []}, "TaskScheduler.is_running": {"executed_lines": [66], "summary": {"covered_lines": 1, "num_statements": 1, "percent_covered": 100.0, "percent_covered_display": "100", "missing_lines": 0, "excluded_lines": 0}, "missing_lines": [], "excluded_lines": []}, "TaskScheduler.get_active_jobs_count": {"executed_lines": [70], "summary": {"covered_lines": 1, "num_statements": 1, "percent_covered": 100.0, "percent_covered_display": "100", "missing_lines": 0, "excluded_lines": 0}, "missing_lines": [], "excluded_lines": []}, "TaskScheduler._poll_scheduled_tasks": {"executed_lines": [], "summary": {"covered_lines": 0, "num_statements": 12, "percent_covered": 0.0, "percent_covered_display": "0", "missing_lines": 12, "excluded_lines": 0}, "missing_lines": [74, 76, 80, 82, 83, 84, 87, 88, 89, 92, 94, 95], "excluded_lines": []}, "TaskScheduler._execute_scheduled_task": {"executed_lines": [], "summary": {"covered_lines": 0, "num_statements": 29, "percent_covered": 0.0, "percent_covered_display": "0", "missing_lines": 29, "excluded_lines": 0}, "missing_lines": [99, 100, 101, 103, 105, 106, 108, 110, 112, 123, 134, 140, 141, 143, 151, 154, 155, 161, 163, 164, 166, 167, 175, 176, 177, 178, 179, 180, 181], "excluded_lines": []}, "TaskScheduler._call_agent_service": {"executed_lines": [196, 206, 211, 212, 219, 220, 222, 223, 227, 228, 232, 233], "summary": {"covered_lines": 12, "num_statements": 12, "percent_covered": 100.0, "percent_covered_display": "100", "missing_lines": 0, "excluded_lines": 0}, "missing_lines": [], "excluded_lines": []}, "TaskScheduler._calculate_next_execution": {"executed_lines": [240, 241, 242, 243, 245, 246, 247, 248, 250, 251, 252, 254, 255, 256, 257, 259, 260, 261, 262, 264, 266, 268, 270, 272], "summary": {"covered_lines": 24, "num_statements": 24, "percent_covered": 100.0, "percent_covered_display": "100", "missing_lines": 0, "excluded_lines": 0}, "missing_lines": [], "excluded_lines": []}, "TaskScheduler.trigger_task_now": {"executed_lines": [276, 278, 279, 280], "summary": {"covered_lines": 4, "num_statements": 11, "percent_covered": 36.36363636363637, "percent_covered_display": "36", "missing_lines": 7, "excluded_lines": 0}, "missing_lines": [283, 284, 287, 288, 290, 291, 292], "excluded_lines": []}, "": {"executed_lines": [1, 5, 6, 7, 8, 9, 10, 11, 12, 14, 15, 17, 18, 21, 22, 24, 30, 51, 64, 68, 72, 97, 183, 238, 274], "summary": {"covered_lines": 23, "num_statements": 23, "percent_covered": 100.0, "percent_covered_display": "100", "missing_lines": 0, "excluded_lines": 0}, "missing_lines": [], "excluded_lines": []}}, "classes": {"TaskScheduler": {"executed_lines": [25, 26, 27, 28, 33, 39, 48, 49, 53, 54, 55, 58, 61, 62, 66, 70, 196, 206, 211, 212, 219, 220, 222, 223, 227, 228, 232, 233, 240, 241, 242, 243, 245, 246, 247, 248, 250, 251, 252, 254, 255, 256, 257, 259, 260, 261, 262, 264, 266, 268, 270, 272, 276, 278, 279, 280], "summary": {"covered_lines": 56, "num_statements": 105, "percent_covered": 53.333333333333336, "percent_covered_display": "53", "missing_lines": 49, "excluded_lines": 0}, "missing_lines": [59, 74, 76, 80, 82, 83, 84, 87, 88, 89, 92, 94, 95, 99, 100, 101, 103, 105, 106, 108, 110, 112, 123, 134, 140, 141, 143, 151, 154, 155, 161, 163, 164, 166, 167, 175, 176, 177, 178, 179, 180, 181, 283, 284, 287, 288, 290, 291, 292], "excluded_lines": []}, "": {"executed_lines": [1, 5, 6, 7, 8, 9, 10, 11, 12, 14, 15, 17, 18, 21, 22, 24, 30, 51, 64, 68, 72, 97, 183, 238, 274], "summary": {"covered_lines": 23, "num_statements": 23, "percent_covered": 100.0, "percent_covered_display": "100", "missing_lines": 0, "excluded_lines": 0}, "missing_lines": [], "excluded_lines": []}}}, "app/settings.py": {"executed_lines": [1, 5, 6, 9, 10, 13, 16, 19, 20, 23, 24, 25, 28, 29, 30, 33, 35, 36, 37, 40], "summary": {"covered_lines": 18, "num_statements": 18, "percent_covered": 100.0, "percent_covered_display": "100", "missing_lines": 0, "excluded_lines": 0}, "missing_lines": [], "excluded_lines": [], "functions": {"": {"executed_lines": [1, 5, 6, 9, 10, 13, 16, 19, 20, 23, 24, 25, 28, 29, 30, 33, 35, 36, 37, 40], "summary": {"covered_lines": 18, "num_statements": 18, "percent_covered": 100.0, "percent_covered_display": "100", "missing_lines": 0, "excluded_lines": 0}, "missing_lines": [], "excluded_lines": []}}, "classes": {"Settings": {"executed_lines": [], "summary": {"covered_lines": 0, "num_statements": 0, "percent_covered": 100.0, "percent_covered_display": "100", "missing_lines": 0, "excluded_lines": 0}, "missing_lines": [], "excluded_lines": []}, "Settings.Config": {"executed_lines": [], "summary": {"covered_lines": 0, "num_statements": 0, "percent_covered": 100.0, "percent_covered_display": "100", "missing_lines": 0, "excluded_lines": 0}, "missing_lines": [], "excluded_lines": []}, "": {"executed_lines": [1, 5, 6, 9, 10, 13, 16, 19, 20, 23, 24, 25, 28, 29, 30, 33, 35, 36, 37, 40], "summary": {"covered_lines": 18, "num_statements": 18, "percent_covered": 100.0, "percent_covered_display": "100", "missing_lines": 0, "excluded_lines": 0}, "missing_lines": [], "excluded_lines": []}}}}, "totals": {"covered_lines": 395, "num_statements": 553, "percent_covered": 71.42857142857143, "percent_covered_display": "71", "missing_lines": 158, "excluded_lines": 0}}